Tue Mar 19 15:50:10 UTC 2024 - Executing "{openroad -exit -no_init -python /openlane/scripts/odbpy/lefutil.py get_metal_layers -o /home/codespace/OpenLane/designs/fa4bit/runs/run1/tmp/layers.list /home/codespace/.volare/sky130A/libs.ref/sky130_fd_sc_hd/techlef/sky130_fd_sc_hd__nom.tlef}"

Tue Mar 19 15:50:10 UTC 2024 - Executing "{/openlane/scripts/mergeLef.py -o /home/codespace/OpenLane/designs/fa4bit/runs/run1/tmp/merged.nom.lef -i /home/codespace/.volare/sky130A/libs.ref/sky130_fd_sc_hd/techlef/sky130_fd_sc_hd__nom.tlef {/home/codespace/.volare/sky130A/libs.ref/sky130_fd_sc_hd/lef/sky130_fd_sc_hd.lef /home/codespace/.volare/sky130A/libs.ref/sky130_fd_sc_hd/lef/sky130_ef_sc_hd.lef} |& tee /dev/null}"

Tue Mar 19 15:50:10 UTC 2024 - Executing "{/openlane/scripts/mergeLef.py -o /home/codespace/OpenLane/designs/fa4bit/runs/run1/tmp/merged.min.lef -i /home/codespace/.volare/sky130A/libs.ref/sky130_fd_sc_hd/techlef/sky130_fd_sc_hd__min.tlef {/home/codespace/.volare/sky130A/libs.ref/sky130_fd_sc_hd/lef/sky130_fd_sc_hd.lef /home/codespace/.volare/sky130A/libs.ref/sky130_fd_sc_hd/lef/sky130_ef_sc_hd.lef} |& tee /dev/null}"

Tue Mar 19 15:50:10 UTC 2024 - Executing "{/openlane/scripts/mergeLef.py -o /home/codespace/OpenLane/designs/fa4bit/runs/run1/tmp/merged.max.lef -i /home/codespace/.volare/sky130A/libs.ref/sky130_fd_sc_hd/techlef/sky130_fd_sc_hd__max.tlef {/home/codespace/.volare/sky130A/libs.ref/sky130_fd_sc_hd/lef/sky130_fd_sc_hd.lef /home/codespace/.volare/sky130A/libs.ref/sky130_fd_sc_hd/lef/sky130_ef_sc_hd.lef} |& tee /dev/null}"

Tue Mar 19 15:50:10 UTC 2024 - Executing "{python3 /openlane/scripts/mergeLib.py --output /home/codespace/OpenLane/designs/fa4bit/runs/run1/tmp/synthesis/merged.lib --name sky130A_merged /home/codespace/.volare/sky130A/libs.ref/sky130_fd_sc_hd/lib/sky130_fd_sc_hd__tt_025C_1v80.lib}"

Tue Mar 19 15:50:10 UTC 2024 - Executing "{python3 /openlane/scripts/libtrim.py --cell-file /home/codespace/OpenLane/designs/fa4bit/runs/run1/tmp/synthesis/trimmed.lib.exclude.list --output /home/codespace/OpenLane/designs/fa4bit/runs/run1/tmp/synthesis/trimmed.lib /home/codespace/OpenLane/designs/fa4bit/runs/run1/tmp/synthesis/merged.lib}"

Tue Mar 19 15:50:11 UTC 2024 - Executing "{python3 /openlane/scripts/libtrim.py --cell-file /home/codespace/OpenLane/designs/fa4bit/runs/run1/tmp/cts/cts.lib.exclude.list --output /home/codespace/OpenLane/designs/fa4bit/runs/run1/tmp/cts/cts.lib /home/codespace/.volare/sky130A/libs.ref/sky130_fd_sc_hd/lib/sky130_fd_sc_hd__tt_025C_1v80.lib}"

Tue Mar 19 15:50:11 UTC 2024 - Executing "{python3 /openlane/scripts/libtrim.py --cell-file /home/codespace/OpenLane/designs/fa4bit/runs/run1/tmp/cts/cts-fastest.lib.exclude.list --output /home/codespace/OpenLane/designs/fa4bit/runs/run1/tmp/cts/cts-fastest.lib /home/codespace/.volare/sky130A/libs.ref/sky130_fd_sc_hd/lib/sky130_fd_sc_hd__ff_n40C_1v95.lib}"

Tue Mar 19 15:50:12 UTC 2024 - Executing "{python3 /openlane/scripts/libtrim.py --cell-file /home/codespace/OpenLane/designs/fa4bit/runs/run1/tmp/cts/cts-slowest.lib.exclude.list --output /home/codespace/OpenLane/designs/fa4bit/runs/run1/tmp/cts/cts-slowest.lib /home/codespace/.volare/sky130A/libs.ref/sky130_fd_sc_hd/lib/sky130_fd_sc_hd__ss_100C_1v60.lib}"

Tue Mar 19 15:50:12 UTC 2024 - Executing "{python3 /openlane/scripts/new_tracks.py -i /home/codespace/.volare/sky130A/libs.tech/openlane/sky130_fd_sc_hd/tracks.info -o /home/codespace/OpenLane/designs/fa4bit/runs/run1/tmp/routing/config.tracks}"

Tue Mar 19 15:50:12 UTC 2024 - Executing "{echo {OpenLane 2719508edbb579ab7317d1e0942b774d8d4aa214} > /home/codespace/OpenLane/designs/fa4bit/runs/run1/OPENLANE_VERSION}"

Tue Mar 19 15:50:13 UTC 2024 - Executing "{sed -E {s/^([[:space:]]+)pg_pin(.*)/\1pin\2\n\1    direction : "inout";/g} /home/codespace/.volare/sky130A/libs.ref/sky130_fd_sc_hd/lib/sky130_fd_sc_hd__tt_025C_1v80.lib > /home/codespace/OpenLane/designs/fa4bit/runs/run1/tmp/synthesis/1-sky130_fd_sc_hd__tt_025C_1v80.no_pg.lib}"

Tue Mar 19 15:50:13 UTC 2024 - Executing "{sed -E {s/^([[:space:]]+)pg_pin(.*)/\1pin\2\n\1    direction : "inout";/g} /home/codespace/OpenLane/designs/fa4bit/runs/run1/tmp/synthesis/trimmed.lib > /home/codespace/OpenLane/designs/fa4bit/runs/run1/tmp/synthesis/1-trimmed.no_pg.lib}"

Tue Mar 19 15:50:13 UTC 2024 - Executing "yosys -c /openlane/scripts/yosys/synth.tcl |& tee /dev/null /home/codespace/OpenLane/designs/fa4bit/runs/run1/logs/synthesis/1-synthesis.log"

Tue Mar 19 15:50:13 UTC 2024 - Executing "{yosys -c /openlane/scripts/yosys/synth.tcl |& tee /dev/null /home/codespace/OpenLane/designs/fa4bit/runs/run1/logs/synthesis/1-synthesis.log}"

Tue Mar 19 15:50:14 UTC 2024 - Executing "{sed -i.bak -e {s/\(set ::env(CURRENT_NETLIST)\).*/\1 \/home\/codespace\/OpenLane\/designs\/fa4bit\/runs\/run1\/results\/synthesis\/fa4bit.v/} /home/codespace/OpenLane/designs/fa4bit/runs/run1/config.tcl}"

Tue Mar 19 15:50:14 UTC 2024 - Executing "{sed -i.bak /defparam/d /home/codespace/OpenLane/designs/fa4bit/runs/run1/results/synthesis/fa4bit.v}"

Tue Mar 19 15:50:14 UTC 2024 - Executing "sta -exit -no_init /openlane/scripts/openroad/sta/multi_corner.tcl |& tee /dev/null /home/codespace/OpenLane/designs/fa4bit/runs/run1/logs/synthesis/2-sta.log"

Tue Mar 19 15:50:14 UTC 2024 - Executing "{sta -exit -no_init /openlane/scripts/openroad/sta/multi_corner.tcl |& tee /dev/null /home/codespace/OpenLane/designs/fa4bit/runs/run1/logs/synthesis/2-sta.log}"

Tue Mar 19 15:50:15 UTC 2024 - Executing "openroad -exit /openlane/scripts/openroad/floorplan.tcl |& tee /dev/null /home/codespace/OpenLane/designs/fa4bit/runs/run1/logs/floorplan/3-initial_fp.log"

Tue Mar 19 15:50:15 UTC 2024 - Executing "{openroad -exit /openlane/scripts/openroad/floorplan.tcl |& tee /dev/null /home/codespace/OpenLane/designs/fa4bit/runs/run1/logs/floorplan/3-initial_fp.log}"

Tue Mar 19 15:50:15 UTC 2024 - Executing "{openroad -exit -no_init -python /openlane/scripts/odbpy/snap_to_grid.py --output /home/codespace/OpenLane/designs/fa4bit/runs/run1/tmp/floorplan/3-minimized_pdn.txt --input-lef /home/codespace/OpenLane/designs/fa4bit/runs/run1/tmp/merged.nom.lef 7.59 7.4799999999999995 15.18 14.959999999999999}"

Tue Mar 19 15:50:16 UTC 2024 - Executing "{openroad -exit -no_init -python /openlane/scripts/odbpy/defutil.py extract_core_dims --output-data /home/codespace/OpenLane/designs/fa4bit/runs/run1/tmp/dimensions.txt --input-lef /home/codespace/OpenLane/designs/fa4bit/runs/run1/tmp/merged.nom.lef /home/codespace/OpenLane/designs/fa4bit/runs/run1/tmp/floorplan/3-initial_fp.def}"

Tue Mar 19 15:50:16 UTC 2024 - Executing "openroad -exit /openlane/scripts/openroad/ioplacer.tcl |& tee /dev/null /home/codespace/OpenLane/designs/fa4bit/runs/run1/logs/floorplan/4-io.log"

Tue Mar 19 15:50:16 UTC 2024 - Executing "{openroad -exit /openlane/scripts/openroad/ioplacer.tcl |& tee /dev/null /home/codespace/OpenLane/designs/fa4bit/runs/run1/logs/floorplan/4-io.log}"

Tue Mar 19 15:50:17 UTC 2024 - Executing "openroad -exit /openlane/scripts/openroad/tapcell.tcl |& tee /dev/null /home/codespace/OpenLane/designs/fa4bit/runs/run1/logs/floorplan/5-tap.log"

Tue Mar 19 15:50:17 UTC 2024 - Executing "{openroad -exit /openlane/scripts/openroad/tapcell.tcl |& tee /dev/null /home/codespace/OpenLane/designs/fa4bit/runs/run1/logs/floorplan/5-tap.log}"

Tue Mar 19 15:50:17 UTC 2024 - Executing "openroad -exit /openlane/scripts/openroad/pdn.tcl |& tee /dev/null /home/codespace/OpenLane/designs/fa4bit/runs/run1/logs/floorplan/6-pdn.log"

Tue Mar 19 15:50:17 UTC 2024 - Executing "{openroad -exit /openlane/scripts/openroad/pdn.tcl |& tee /dev/null /home/codespace/OpenLane/designs/fa4bit/runs/run1/logs/floorplan/6-pdn.log}"

Tue Mar 19 15:50:18 UTC 2024 - Executing "openroad -exit /openlane/scripts/openroad/gpl.tcl |& tee /dev/null /home/codespace/OpenLane/designs/fa4bit/runs/run1/logs/placement/6-global_skip_io.log"

Tue Mar 19 15:50:18 UTC 2024 - Executing "{openroad -exit /openlane/scripts/openroad/gpl.tcl |& tee /dev/null /home/codespace/OpenLane/designs/fa4bit/runs/run1/logs/placement/6-global_skip_io.log}"

Tue Mar 19 15:50:18 UTC 2024 - Executing "{sed -i.bak -e {s/\(set ::env(CURRENT_NETLIST)\).*/\1 \/home\/codespace\/OpenLane\/designs\/fa4bit\/runs\/run1\/tmp\/placement\/7-global_skip_io.nl.v/} /home/codespace/OpenLane/designs/fa4bit/runs/run1/config.tcl}"

Tue Mar 19 15:50:19 UTC 2024 - Executing "openroad -exit /openlane/scripts/openroad/sta/multi_corner.tcl |& tee /dev/null /home/codespace/OpenLane/designs/fa4bit/runs/run1/logs/placement/8-gpl_sta.log"

Tue Mar 19 15:50:19 UTC 2024 - Executing "{openroad -exit /openlane/scripts/openroad/sta/multi_corner.tcl |& tee /dev/null /home/codespace/OpenLane/designs/fa4bit/runs/run1/logs/placement/8-gpl_sta.log}"

Tue Mar 19 15:50:19 UTC 2024 - Executing "openroad -exit /openlane/scripts/openroad/ioplacer.tcl |& tee /dev/null /home/codespace/OpenLane/designs/fa4bit/runs/run1/logs/placement/9-io.log"

Tue Mar 19 15:50:19 UTC 2024 - Executing "{openroad -exit /openlane/scripts/openroad/ioplacer.tcl |& tee /dev/null /home/codespace/OpenLane/designs/fa4bit/runs/run1/logs/placement/9-io.log}"

Tue Mar 19 15:50:20 UTC 2024 - Executing "openroad -exit /openlane/scripts/openroad/gpl.tcl |& tee /dev/null /home/codespace/OpenLane/designs/fa4bit/runs/run1/logs/placement/9-global.log"

Tue Mar 19 15:50:20 UTC 2024 - Executing "{openroad -exit /openlane/scripts/openroad/gpl.tcl |& tee /dev/null /home/codespace/OpenLane/designs/fa4bit/runs/run1/logs/placement/9-global.log}"

Tue Mar 19 15:50:20 UTC 2024 - Executing "{sed -i.bak -e {s/\(set ::env(CURRENT_NETLIST)\).*/\1 \/home\/codespace\/OpenLane\/designs\/fa4bit\/runs\/run1\/tmp\/placement\/10-global.nl.v/} /home/codespace/OpenLane/designs/fa4bit/runs/run1/config.tcl}"

Tue Mar 19 15:50:21 UTC 2024 - Executing "openroad -exit /openlane/scripts/openroad/sta/multi_corner.tcl |& tee /dev/null /home/codespace/OpenLane/designs/fa4bit/runs/run1/logs/placement/11-gpl_sta.log"

Tue Mar 19 15:50:21 UTC 2024 - Executing "{openroad -exit /openlane/scripts/openroad/sta/multi_corner.tcl |& tee /dev/null /home/codespace/OpenLane/designs/fa4bit/runs/run1/logs/placement/11-gpl_sta.log}"

Tue Mar 19 15:50:21 UTC 2024 - Executing "openroad -exit /openlane/scripts/openroad/resizer.tcl |& tee /dev/null /home/codespace/OpenLane/designs/fa4bit/runs/run1/logs/placement/12-resizer.log"

Tue Mar 19 15:50:21 UTC 2024 - Executing "{openroad -exit /openlane/scripts/openroad/resizer.tcl |& tee /dev/null /home/codespace/OpenLane/designs/fa4bit/runs/run1/logs/placement/12-resizer.log}"

Tue Mar 19 15:50:23 UTC 2024 - Executing "{sed -i.bak -e {s/\(set ::env(CURRENT_NETLIST)\).*/\1 \/home\/codespace\/OpenLane\/designs\/fa4bit\/runs\/run1\/tmp\/placement\/12-resizer.nl.v/} /home/codespace/OpenLane/designs/fa4bit/runs/run1/config.tcl}"

Tue Mar 19 15:50:23 UTC 2024 - Executing "openroad -exit /openlane/scripts/openroad/dpl.tcl |& tee /dev/null /home/codespace/OpenLane/designs/fa4bit/runs/run1/logs/placement/13-detailed.log"

Tue Mar 19 15:50:23 UTC 2024 - Executing "{openroad -exit /openlane/scripts/openroad/dpl.tcl |& tee /dev/null /home/codespace/OpenLane/designs/fa4bit/runs/run1/logs/placement/13-detailed.log}"

Tue Mar 19 15:50:24 UTC 2024 - Executing "{sed -i.bak -e {s/\(set ::env(CURRENT_NETLIST)\).*/\1 \/home\/codespace\/OpenLane\/designs\/fa4bit\/runs\/run1\/results\/placement\/fa4bit.nl.v/} /home/codespace/OpenLane/designs/fa4bit/runs/run1/config.tcl}"

Tue Mar 19 15:50:24 UTC 2024 - Executing "openroad -exit /openlane/scripts/openroad/sta/multi_corner.tcl |& tee /dev/null /home/codespace/OpenLane/designs/fa4bit/runs/run1/logs/placement/14-dpl_sta.log"

Tue Mar 19 15:50:24 UTC 2024 - Executing "{openroad -exit /openlane/scripts/openroad/sta/multi_corner.tcl |& tee /dev/null /home/codespace/OpenLane/designs/fa4bit/runs/run1/logs/placement/14-dpl_sta.log}"

Tue Mar 19 15:50:24 UTC 2024 - Executing "openroad -exit /openlane/scripts/openroad/resizer_routing_design.tcl |& tee /dev/null /home/codespace/OpenLane/designs/fa4bit/runs/run1/logs/routing/15-resizer_design.log"

Tue Mar 19 15:50:24 UTC 2024 - Executing "{openroad -exit /openlane/scripts/openroad/resizer_routing_design.tcl |& tee /dev/null /home/codespace/OpenLane/designs/fa4bit/runs/run1/logs/routing/15-resizer_design.log}"

Tue Mar 19 15:50:26 UTC 2024 - Executing "{sed -i.bak -e {s/\(set ::env(CURRENT_NETLIST)\).*/\1 \/home\/codespace\/OpenLane\/designs\/fa4bit\/runs\/run1\/tmp\/15-fa4bit.nl.v/} /home/codespace/OpenLane/designs/fa4bit/runs/run1/config.tcl}"

Tue Mar 19 15:50:27 UTC 2024 - Executing "openroad -exit /openlane/scripts/openroad/sta/multi_corner.tcl |& tee /dev/null /home/codespace/OpenLane/designs/fa4bit/runs/run1/logs/routing/16-rsz_design_sta.log"

Tue Mar 19 15:50:27 UTC 2024 - Executing "{openroad -exit /openlane/scripts/openroad/sta/multi_corner.tcl |& tee /dev/null /home/codespace/OpenLane/designs/fa4bit/runs/run1/logs/routing/16-rsz_design_sta.log}"

Tue Mar 19 15:50:27 UTC 2024 - Executing "openroad -exit /openlane/scripts/openroad/resizer_routing_timing.tcl |& tee /dev/null /home/codespace/OpenLane/designs/fa4bit/runs/run1/logs/routing/17-resizer_timing.log"

Tue Mar 19 15:50:27 UTC 2024 - Executing "{openroad -exit /openlane/scripts/openroad/resizer_routing_timing.tcl |& tee /dev/null /home/codespace/OpenLane/designs/fa4bit/runs/run1/logs/routing/17-resizer_timing.log}"

Tue Mar 19 15:50:29 UTC 2024 - Executing "{sed -i.bak -e {s/\(set ::env(CURRENT_NETLIST)\).*/\1 \/home\/codespace\/OpenLane\/designs\/fa4bit\/runs\/run1\/tmp\/17-fa4bit.nl.v/} /home/codespace/OpenLane/designs/fa4bit/runs/run1/config.tcl}"

Tue Mar 19 15:50:29 UTC 2024 - Executing "openroad -exit /openlane/scripts/openroad/sta/multi_corner.tcl |& tee /dev/null /home/codespace/OpenLane/designs/fa4bit/runs/run1/logs/routing/18-rsz_timing_sta.log"

Tue Mar 19 15:50:29 UTC 2024 - Executing "{openroad -exit /openlane/scripts/openroad/sta/multi_corner.tcl |& tee /dev/null /home/codespace/OpenLane/designs/fa4bit/runs/run1/logs/routing/18-rsz_timing_sta.log}"

Tue Mar 19 15:50:30 UTC 2024 - Executing "openroad -exit /openlane/scripts/openroad/repair_antennas.tcl |& tee /dev/null /home/codespace/OpenLane/designs/fa4bit/runs/run1/logs/routing/19-global.log"

Tue Mar 19 15:50:30 UTC 2024 - Executing "{openroad -exit /openlane/scripts/openroad/repair_antennas.tcl |& tee /dev/null /home/codespace/OpenLane/designs/fa4bit/runs/run1/logs/routing/19-global.log}"

Tue Mar 19 15:50:30 UTC 2024 - Executing "openroad -exit /openlane/scripts/openroad/write_views.tcl |& tee /dev/null /home/codespace/OpenLane/designs/fa4bit/runs/run1/logs/routing/19-global_write_netlist.log"

Tue Mar 19 15:50:30 UTC 2024 - Executing "{openroad -exit /openlane/scripts/openroad/write_views.tcl |& tee /dev/null /home/codespace/OpenLane/designs/fa4bit/runs/run1/logs/routing/19-global_write_netlist.log}"

Tue Mar 19 15:50:31 UTC 2024 - Executing "{sed -i.bak -e {s/\(set ::env(CURRENT_NETLIST)\).*/\1 \/home\/codespace\/OpenLane\/designs\/fa4bit\/runs\/run1\/tmp\/routing\/global.nl.v/} /home/codespace/OpenLane/designs/fa4bit/runs/run1/config.tcl}"

Tue Mar 19 15:50:31 UTC 2024 - Executing "openroad -exit /openlane/scripts/openroad/sta/multi_corner.tcl |& tee /dev/null /home/codespace/OpenLane/designs/fa4bit/runs/run1/logs/routing/21-grt_sta.log"

Tue Mar 19 15:50:31 UTC 2024 - Executing "{openroad -exit /openlane/scripts/openroad/sta/multi_corner.tcl |& tee /dev/null /home/codespace/OpenLane/designs/fa4bit/runs/run1/logs/routing/21-grt_sta.log}"

Tue Mar 19 15:50:32 UTC 2024 - Executing "openroad -exit /openlane/scripts/openroad/fill.tcl |& tee /dev/null /home/codespace/OpenLane/designs/fa4bit/runs/run1/logs/routing/22-fill.log"

Tue Mar 19 15:50:32 UTC 2024 - Executing "{openroad -exit /openlane/scripts/openroad/fill.tcl |& tee /dev/null /home/codespace/OpenLane/designs/fa4bit/runs/run1/logs/routing/22-fill.log}"

Tue Mar 19 15:50:32 UTC 2024 - Executing "{sed -i.bak -e {s/\(set ::env(CURRENT_NETLIST)\).*/\1 \/home\/codespace\/OpenLane\/designs\/fa4bit\/runs\/run1\/tmp\/routing\/22-fill.nl.v/} /home/codespace/OpenLane/designs/fa4bit/runs/run1/config.tcl}"

Tue Mar 19 15:50:33 UTC 2024 - Executing "openroad -exit -metrics /home/codespace/OpenLane/designs/fa4bit/runs/run1/reports/routing/23-drt_metrics.json /openlane/scripts/openroad/droute.tcl |& tee /dev/null /home/codespace/OpenLane/designs/fa4bit/runs/run1/logs/routing/23-detailed.log"

Tue Mar 19 15:50:33 UTC 2024 - Executing "{openroad -exit -metrics /home/codespace/OpenLane/designs/fa4bit/runs/run1/reports/routing/23-drt_metrics.json /openlane/scripts/openroad/droute.tcl |& tee /dev/null /home/codespace/OpenLane/designs/fa4bit/runs/run1/logs/routing/23-detailed.log}"

Tue Mar 19 15:50:35 UTC 2024 - Executing "{sed -i.bak -e {s/\(set ::env(CURRENT_NETLIST)\).*/\1 \/home\/codespace\/OpenLane\/designs\/fa4bit\/runs\/run1\/results\/routing\/fa4bit.nl.v/} /home/codespace/OpenLane/designs/fa4bit/runs/run1/config.tcl}"

Tue Mar 19 15:50:35 UTC 2024 - Executing "{python3 /openlane/scripts/drc_rosetta.py tr to_klayout -o /home/codespace/OpenLane/designs/fa4bit/runs/run1/reports/routing/drt.klayout.xml --design-name fa4bit /home/codespace/OpenLane/designs/fa4bit/runs/run1/reports/routing/drt.drc}"

Tue Mar 19 15:50:35 UTC 2024 - Executing "{openroad -exit -no_init -python /openlane/scripts/odbpy/wire_lengths.py --report-out /home/codespace/OpenLane/designs/fa4bit/runs/run1/reports/routing/24-wire_lengths.csv --input-lef /home/codespace/OpenLane/designs/fa4bit/runs/run1/tmp/merged.nom.lef --output-def /dev/null --output /home/codespace/OpenLane/designs/fa4bit/runs/run1/results/routing/fa4bit.odb /home/codespace/OpenLane/designs/fa4bit/runs/run1/results/routing/fa4bit.odb |& tee /dev/null /home/codespace/OpenLane/designs/fa4bit/runs/run1/logs/routing/24-wire_lengths.log}"

Tue Mar 19 15:50:36 UTC 2024 - Executing "magic -noconsole -dnull -rcfile /home/codespace/.volare/sky130A/libs.tech/magic/sky130A.magicrc < /openlane/scripts/magic/wrapper.tcl |& tee /dev/null /home/codespace/OpenLane/designs/fa4bit/runs/run1/logs/signoff/25-gdsii.log"

Tue Mar 19 15:50:36 UTC 2024 - Executing "{magic -noconsole -dnull -rcfile /home/codespace/.volare/sky130A/libs.tech/magic/sky130A.magicrc < /openlane/scripts/magic/wrapper.tcl |& tee /dev/null /home/codespace/OpenLane/designs/fa4bit/runs/run1/logs/signoff/25-gdsii.log}"

Tue Mar 19 15:50:36 UTC 2024 - Executing "magic -noconsole -dnull -rcfile /home/codespace/.volare/sky130A/libs.tech/magic/sky130A.magicrc < /openlane/scripts/magic/wrapper.tcl |& tee /dev/null /home/codespace/OpenLane/designs/fa4bit/runs/run1/logs/signoff/25-gds_ptrs.log"

Tue Mar 19 15:50:36 UTC 2024 - Executing "{magic -noconsole -dnull -rcfile /home/codespace/.volare/sky130A/libs.tech/magic/sky130A.magicrc < /openlane/scripts/magic/wrapper.tcl |& tee /dev/null /home/codespace/OpenLane/designs/fa4bit/runs/run1/logs/signoff/25-gds_ptrs.log}"

Tue Mar 19 15:50:37 UTC 2024 - Executing "{sed -i.bak -n {/^<< properties >>/,/^<< end >>/p} /home/codespace/OpenLane/designs/fa4bit/runs/run1/tmp/signoff/gds_ptrs.mag}"

Tue Mar 19 15:50:37 UTC 2024 - Executing "magic -noconsole -dnull -rcfile /home/codespace/.volare/sky130A/libs.tech/magic/sky130A.magicrc < /openlane/scripts/magic/wrapper.tcl |& tee /dev/null /home/codespace/OpenLane/designs/fa4bit/runs/run1/logs/signoff/25-lef.log"

Tue Mar 19 15:50:37 UTC 2024 - Executing "{magic -noconsole -dnull -rcfile /home/codespace/.volare/sky130A/libs.tech/magic/sky130A.magicrc < /openlane/scripts/magic/wrapper.tcl |& tee /dev/null /home/codespace/OpenLane/designs/fa4bit/runs/run1/logs/signoff/25-lef.log}"

Tue Mar 19 15:50:37 UTC 2024 - Executing "magic -noconsole -dnull -rcfile /home/codespace/.volare/sky130A/libs.tech/magic/sky130A.magicrc < /openlane/scripts/magic/wrapper.tcl |& tee /dev/null /home/codespace/OpenLane/designs/fa4bit/runs/run1/logs/signoff/25-maglef.log"

Tue Mar 19 15:50:37 UTC 2024 - Executing "{magic -noconsole -dnull -rcfile /home/codespace/.volare/sky130A/libs.tech/magic/sky130A.magicrc < /openlane/scripts/magic/wrapper.tcl |& tee /dev/null /home/codespace/OpenLane/designs/fa4bit/runs/run1/logs/signoff/25-maglef.log}"

