OpenROAD 0889970d1790a2617e69f253221b8bd7626e51dc 
This program is licensed under the BSD-3 license. See the LICENSE file for details.
Components of this program may be licensed under more restrictive licenses which must be honored.
[INFO]: Reading ODB at '/home/codespace/OpenLane/designs/fa4bit/runs/run1/results/placement/fa4bit.odb'…
define_corners Typical
read_liberty -corner Typical /home/codespace/.volare/sky130A/libs.ref/sky130_fd_sc_hd/lib/sky130_fd_sc_hd__tt_025C_1v80.lib
Using 1e-12 for capacitance...
Using 1e+03 for resistance...
Using 1e-09 for time...
Using 1e+00 for voltage...
Using 1e-03 for current...
Using 1e-09 for power...
Using 1e-06 for distance...
Reading design constraints file at '/openlane/scripts/base.sdc'…
[INFO]: Setting output delay to: 2.0
[INFO]: Setting input delay to: 2.0
[WARNING STA-0337] port '__VIRTUAL_CLK__' not found.
[INFO]: Setting load to: 0.033442
[INFO]: Setting clock uncertainty to: 0.25
[INFO]: Setting clock transition to: 0.15
[WARNING STA-0559] transition time can not be specified for virtual clocks.
[INFO]: Setting timing derate to: 5.0 %
[INFO]: Setting RC values...
min_report

===========================================================================
report_checks -path_delay min (Hold)
============================================================================
======================= Typical Corner ===================================

Startpoint: a[3] (input port clocked by __VIRTUAL_CLK__)
Endpoint: co (output port clocked by __VIRTUAL_CLK__)
Path Group: __VIRTUAL_CLK__
Path Type: min

Fanout     Cap    Slew   Delay    Time   Description
-----------------------------------------------------------------------------
                  0.00    0.00    0.00   clock __VIRTUAL_CLK__ (rise edge)
                          0.00    0.00   clock network delay (ideal)
                          2.00    2.00 v input external delay
     1    0.00    0.01    0.00    2.00 v a[3] (in)
                                         a[3] (net)
                  0.01    0.00    2.00 v input4/A (sky130_fd_sc_hd__clkbuf_1)
     2    0.01    0.04    0.08    2.09 v input4/X (sky130_fd_sc_hd__clkbuf_1)
                                         net4 (net)
                  0.04    0.00    2.09 v _23_/B (sky130_fd_sc_hd__nor2_1)
     2    0.01    0.12    0.11    2.19 ^ _23_/Y (sky130_fd_sc_hd__nor2_1)
                                         _08_ (net)
                  0.12    0.00    2.19 ^ _25_/A2 (sky130_fd_sc_hd__o21bai_1)
     1    0.00    0.05    0.08    2.27 v _25_/Y (sky130_fd_sc_hd__o21bai_1)
                                         net9 (net)
                  0.05    0.00    2.27 v output9/A (sky130_fd_sc_hd__buf_2)
     1    0.03    0.09    0.17    2.45 v output9/X (sky130_fd_sc_hd__buf_2)
                                         co (net)
                  0.09    0.00    2.45 v co (out)
                                  2.45   data arrival time

                  0.00    0.00    0.00   clock __VIRTUAL_CLK__ (rise edge)
                          0.00    0.00   clock network delay (ideal)
                          0.25    0.25   clock uncertainty
                          0.00    0.25   clock reconvergence pessimism
                         -2.00   -1.75   output external delay
                                 -1.75   data required time
-----------------------------------------------------------------------------
                                 -1.75   data required time
                                 -2.45   data arrival time
-----------------------------------------------------------------------------
                                  4.20   slack (MET)


Startpoint: b[0] (input port clocked by __VIRTUAL_CLK__)
Endpoint: sum[1] (output port clocked by __VIRTUAL_CLK__)
Path Group: __VIRTUAL_CLK__
Path Type: min

Fanout     Cap    Slew   Delay    Time   Description
-----------------------------------------------------------------------------
                  0.00    0.00    0.00   clock __VIRTUAL_CLK__ (rise edge)
                          0.00    0.00   clock network delay (ideal)
                          2.00    2.00 v input external delay
     1    0.00    0.01    0.00    2.00 v b[0] (in)
                                         b[0] (net)
                  0.01    0.00    2.00 v input5/A (sky130_fd_sc_hd__buf_1)
     3    0.01    0.05    0.09    2.10 v input5/X (sky130_fd_sc_hd__buf_1)
                                         net5 (net)
                  0.05    0.00    2.10 v _14_/A (sky130_fd_sc_hd__nand2_1)
     2    0.01    0.07    0.08    2.17 ^ _14_/Y (sky130_fd_sc_hd__nand2_1)
                                         _01_ (net)
                  0.07    0.00    2.17 ^ _15_/B (sky130_fd_sc_hd__xnor2_1)
     1    0.00    0.03    0.06    2.23 v _15_/Y (sky130_fd_sc_hd__xnor2_1)
                                         ins2.ins2.sum (net)
                  0.03    0.00    2.23 v _32_/A (sky130_fd_sc_hd__clkbuf_1)
     1    0.00    0.03    0.08    2.31 v _32_/X (sky130_fd_sc_hd__clkbuf_1)
                                         net11 (net)
                  0.03    0.00    2.31 v output11/A (sky130_fd_sc_hd__buf_2)
     1    0.03    0.09    0.17    2.48 v output11/X (sky130_fd_sc_hd__buf_2)
                                         sum[1] (net)
                  0.09    0.00    2.48 v sum[1] (out)
                                  2.48   data arrival time

                  0.00    0.00    0.00   clock __VIRTUAL_CLK__ (rise edge)
                          0.00    0.00   clock network delay (ideal)
                          0.25    0.25   clock uncertainty
                          0.00    0.25   clock reconvergence pessimism
                         -2.00   -1.75   output external delay
                                 -1.75   data required time
-----------------------------------------------------------------------------
                                 -1.75   data required time
                                 -2.48   data arrival time
-----------------------------------------------------------------------------
                                  4.23   slack (MET)


Startpoint: b[2] (input port clocked by __VIRTUAL_CLK__)
Endpoint: sum[2] (output port clocked by __VIRTUAL_CLK__)
Path Group: __VIRTUAL_CLK__
Path Type: min

Fanout     Cap    Slew   Delay    Time   Description
-----------------------------------------------------------------------------
                  0.00    0.00    0.00   clock __VIRTUAL_CLK__ (rise edge)
                          0.00    0.00   clock network delay (ideal)
                          2.00    2.00 ^ input external delay
     1    0.00    0.02    0.01    2.01 ^ b[2] (in)
                                         b[2] (net)
                  0.02    0.00    2.01 ^ input7/A (sky130_fd_sc_hd__clkbuf_1)
     2    0.01    0.08    0.09    2.10 ^ input7/X (sky130_fd_sc_hd__clkbuf_1)
                                         net7 (net)
                  0.08    0.00    2.10 ^ _19_/A (sky130_fd_sc_hd__nand2_1)
     2    0.00    0.04    0.06    2.16 v _19_/Y (sky130_fd_sc_hd__nand2_1)
                                         _05_ (net)
                  0.04    0.00    2.16 v _20_/B (sky130_fd_sc_hd__nand2_1)
     1    0.00    0.06    0.07    2.23 ^ _20_/Y (sky130_fd_sc_hd__nand2_1)
                                         _06_ (net)
                  0.06    0.00    2.23 ^ _21_/B (sky130_fd_sc_hd__xnor2_1)
     1    0.00    0.03    0.05    2.29 v _21_/Y (sky130_fd_sc_hd__xnor2_1)
                                         ins3.ins2.sum (net)
                  0.03    0.00    2.29 v _33_/A (sky130_fd_sc_hd__clkbuf_1)
     1    0.00    0.03    0.08    2.37 v _33_/X (sky130_fd_sc_hd__clkbuf_1)
                                         net12 (net)
                  0.03    0.00    2.37 v output12/A (sky130_fd_sc_hd__buf_2)
     1    0.03    0.09    0.16    2.53 v output12/X (sky130_fd_sc_hd__buf_2)
                                         sum[2] (net)
                  0.09    0.00    2.53 v sum[2] (out)
                                  2.53   data arrival time

                  0.00    0.00    0.00   clock __VIRTUAL_CLK__ (rise edge)
                          0.00    0.00   clock network delay (ideal)
                          0.25    0.25   clock uncertainty
                          0.00    0.25   clock reconvergence pessimism
                         -2.00   -1.75   output external delay
                                 -1.75   data required time
-----------------------------------------------------------------------------
                                 -1.75   data required time
                                 -2.53   data arrival time
-----------------------------------------------------------------------------
                                  4.28   slack (MET)


Startpoint: a[3] (input port clocked by __VIRTUAL_CLK__)
Endpoint: sum[3] (output port clocked by __VIRTUAL_CLK__)
Path Group: __VIRTUAL_CLK__
Path Type: min

Fanout     Cap    Slew   Delay    Time   Description
-----------------------------------------------------------------------------
                  0.00    0.00    0.00   clock __VIRTUAL_CLK__ (rise edge)
                          0.00    0.00   clock network delay (ideal)
                          2.00    2.00 ^ input external delay
     1    0.00    0.02    0.01    2.01 ^ a[3] (in)
                                         a[3] (net)
                  0.02    0.00    2.01 ^ input4/A (sky130_fd_sc_hd__clkbuf_1)
     2    0.01    0.08    0.09    2.10 ^ input4/X (sky130_fd_sc_hd__clkbuf_1)
                                         net4 (net)
                  0.08    0.00    2.10 ^ _23_/B (sky130_fd_sc_hd__nor2_1)
     2    0.00    0.04    0.05    2.15 v _23_/Y (sky130_fd_sc_hd__nor2_1)
                                         _08_ (net)
                  0.04    0.00    2.15 v _26_/B (sky130_fd_sc_hd__nor2_1)
     1    0.00    0.11    0.10    2.25 ^ _26_/Y (sky130_fd_sc_hd__nor2_1)
                                         _10_ (net)
                  0.11    0.00    2.25 ^ _27_/B (sky130_fd_sc_hd__xnor2_1)
     1    0.00    0.04    0.07    2.32 v _27_/Y (sky130_fd_sc_hd__xnor2_1)
                                         ins4.ins2.sum (net)
                  0.04    0.00    2.32 v _34_/A (sky130_fd_sc_hd__clkbuf_1)
     1    0.00    0.03    0.08    2.40 v _34_/X (sky130_fd_sc_hd__clkbuf_1)
                                         net13 (net)
                  0.03    0.00    2.40 v output13/A (sky130_fd_sc_hd__buf_2)
     1    0.03    0.09    0.17    2.57 v output13/X (sky130_fd_sc_hd__buf_2)
                                         sum[3] (net)
                  0.09    0.00    2.57 v sum[3] (out)
                                  2.57   data arrival time

                  0.00    0.00    0.00   clock __VIRTUAL_CLK__ (rise edge)
                          0.00    0.00   clock network delay (ideal)
                          0.25    0.25   clock uncertainty
                          0.00    0.25   clock reconvergence pessimism
                         -2.00   -1.75   output external delay
                                 -1.75   data required time
-----------------------------------------------------------------------------
                                 -1.75   data required time
                                 -2.57   data arrival time
-----------------------------------------------------------------------------
                                  4.32   slack (MET)


Startpoint: b[0] (input port clocked by __VIRTUAL_CLK__)
Endpoint: sum[0] (output port clocked by __VIRTUAL_CLK__)
Path Group: __VIRTUAL_CLK__
Path Type: min

Fanout     Cap    Slew   Delay    Time   Description
-----------------------------------------------------------------------------
                  0.00    0.00    0.00   clock __VIRTUAL_CLK__ (rise edge)
                          0.00    0.00   clock network delay (ideal)
                          2.00    2.00 v input external delay
     1    0.00    0.01    0.00    2.00 v b[0] (in)
                                         b[0] (net)
                  0.01    0.00    2.00 v input5/A (sky130_fd_sc_hd__buf_1)
     3    0.01    0.05    0.09    2.10 v input5/X (sky130_fd_sc_hd__buf_1)
                                         net5 (net)
                  0.05    0.00    2.10 v _14_/A (sky130_fd_sc_hd__nand2_1)
     2    0.01    0.07    0.08    2.17 ^ _14_/Y (sky130_fd_sc_hd__nand2_1)
                                         _01_ (net)
                  0.07    0.00    2.17 ^ _29_/A (sky130_fd_sc_hd__and2_1)
     1    0.00    0.04    0.11    2.29 ^ _29_/X (sky130_fd_sc_hd__and2_1)
                                         _12_ (net)
                  0.04    0.00    2.29 ^ _30_/A (sky130_fd_sc_hd__clkbuf_1)
     1    0.00    0.04    0.07    2.36 ^ _30_/X (sky130_fd_sc_hd__clkbuf_1)
                                         ins1.ins1.sum (net)
                  0.04    0.00    2.36 ^ _31_/A (sky130_fd_sc_hd__clkbuf_1)
     1    0.00    0.05    0.08    2.44 ^ _31_/X (sky130_fd_sc_hd__clkbuf_1)
                                         net10 (net)
                  0.05    0.00    2.44 ^ output10/A (sky130_fd_sc_hd__buf_2)
     1    0.03    0.17    0.19    2.63 ^ output10/X (sky130_fd_sc_hd__buf_2)
                                         sum[0] (net)
                  0.17    0.00    2.63 ^ sum[0] (out)
                                  2.63   data arrival time

                  0.00    0.00    0.00   clock __VIRTUAL_CLK__ (rise edge)
                          0.00    0.00   clock network delay (ideal)
                          0.25    0.25   clock uncertainty
                          0.00    0.25   clock reconvergence pessimism
                         -2.00   -1.75   output external delay
                                 -1.75   data required time
-----------------------------------------------------------------------------
                                 -1.75   data required time
                                 -2.63   data arrival time
-----------------------------------------------------------------------------
                                  4.38   slack (MET)



worst slack corner Typical: 4.1957
min_report_end
max_report

===========================================================================
report_checks -path_delay max (Setup)
============================================================================
======================= Typical Corner ===================================

Startpoint: b[1] (input port clocked by __VIRTUAL_CLK__)
Endpoint: sum[3] (output port clocked by __VIRTUAL_CLK__)
Path Group: __VIRTUAL_CLK__
Path Type: max

Fanout     Cap    Slew   Delay    Time   Description
-----------------------------------------------------------------------------
                  0.00    0.00    0.00   clock __VIRTUAL_CLK__ (rise edge)
                          0.00    0.00   clock network delay (ideal)
                          2.00    2.00 v input external delay
     1    0.00    0.01    0.00    2.00 v b[1] (in)
                                         b[1] (net)
                  0.01    0.00    2.00 v input6/A (sky130_fd_sc_hd__buf_1)
     2    0.01    0.06    0.10    2.11 v input6/X (sky130_fd_sc_hd__buf_1)
                                         net6 (net)
                  0.06    0.00    2.11 v _13_/A (sky130_fd_sc_hd__xor2_1)
     2    0.01    0.07    0.19    2.30 v _13_/X (sky130_fd_sc_hd__xor2_1)
                                         _00_ (net)
                  0.07    0.00    2.30 v _17_/A3 (sky130_fd_sc_hd__a31o_1)
     2    0.01    0.06    0.26    2.55 v _17_/X (sky130_fd_sc_hd__a31o_1)
                                         _03_ (net)
                  0.06    0.00    2.55 v _22_/A1 (sky130_fd_sc_hd__a21boi_1)
     2    0.01    0.20    0.20    2.75 ^ _22_/Y (sky130_fd_sc_hd__a21boi_1)
                                         _07_ (net)
                  0.20    0.00    2.75 ^ _27_/A (sky130_fd_sc_hd__xnor2_1)
     1    0.00    0.12    0.15    2.90 ^ _27_/Y (sky130_fd_sc_hd__xnor2_1)
                                         ins4.ins2.sum (net)
                  0.12    0.00    2.90 ^ _34_/A (sky130_fd_sc_hd__clkbuf_1)
     1    0.00    0.06    0.11    3.01 ^ _34_/X (sky130_fd_sc_hd__clkbuf_1)
                                         net13 (net)
                  0.06    0.00    3.01 ^ output13/A (sky130_fd_sc_hd__buf_2)
     1    0.03    0.17    0.21    3.22 ^ output13/X (sky130_fd_sc_hd__buf_2)
                                         sum[3] (net)
                  0.17    0.00    3.22 ^ sum[3] (out)
                                  3.22   data arrival time

                  0.00   10.00   10.00   clock __VIRTUAL_CLK__ (rise edge)
                          0.00   10.00   clock network delay (ideal)
                         -0.25    9.75   clock uncertainty
                          0.00    9.75   clock reconvergence pessimism
                         -2.00    7.75   output external delay
                                  7.75   data required time
-----------------------------------------------------------------------------
                                  7.75   data required time
                                 -3.22   data arrival time
-----------------------------------------------------------------------------
                                  4.53   slack (MET)


Startpoint: b[1] (input port clocked by __VIRTUAL_CLK__)
Endpoint: co (output port clocked by __VIRTUAL_CLK__)
Path Group: __VIRTUAL_CLK__
Path Type: max

Fanout     Cap    Slew   Delay    Time   Description
-----------------------------------------------------------------------------
                  0.00    0.00    0.00   clock __VIRTUAL_CLK__ (rise edge)
                          0.00    0.00   clock network delay (ideal)
                          2.00    2.00 ^ input external delay
     1    0.00    0.02    0.01    2.01 ^ b[1] (in)
                                         b[1] (net)
                  0.02    0.00    2.01 ^ input6/A (sky130_fd_sc_hd__buf_1)
     2    0.01    0.12    0.13    2.14 ^ input6/X (sky130_fd_sc_hd__buf_1)
                                         net6 (net)
                  0.12    0.00    2.14 ^ _13_/A (sky130_fd_sc_hd__xor2_1)
     2    0.01    0.20    0.22    2.36 ^ _13_/X (sky130_fd_sc_hd__xor2_1)
                                         _00_ (net)
                  0.20    0.00    2.36 ^ _17_/A3 (sky130_fd_sc_hd__a31o_1)
     2    0.01    0.09    0.21    2.58 ^ _17_/X (sky130_fd_sc_hd__a31o_1)
                                         _03_ (net)
                  0.09    0.00    2.58 ^ _22_/A1 (sky130_fd_sc_hd__a21boi_1)
     2    0.01    0.07    0.10    2.67 v _22_/Y (sky130_fd_sc_hd__a21boi_1)
                                         _07_ (net)
                  0.07    0.00    2.67 v _25_/A1 (sky130_fd_sc_hd__o21bai_1)
     1    0.00    0.13    0.17    2.84 ^ _25_/Y (sky130_fd_sc_hd__o21bai_1)
                                         net9 (net)
                  0.13    0.00    2.84 ^ output9/A (sky130_fd_sc_hd__buf_2)
     1    0.03    0.17    0.24    3.08 ^ output9/X (sky130_fd_sc_hd__buf_2)
                                         co (net)
                  0.17    0.00    3.08 ^ co (out)
                                  3.08   data arrival time

                  0.00   10.00   10.00   clock __VIRTUAL_CLK__ (rise edge)
                          0.00   10.00   clock network delay (ideal)
                         -0.25    9.75   clock uncertainty
                          0.00    9.75   clock reconvergence pessimism
                         -2.00    7.75   output external delay
                                  7.75   data required time
-----------------------------------------------------------------------------
                                  7.75   data required time
                                 -3.08   data arrival time
-----------------------------------------------------------------------------
                                  4.67   slack (MET)


Startpoint: b[1] (input port clocked by __VIRTUAL_CLK__)
Endpoint: sum[2] (output port clocked by __VIRTUAL_CLK__)
Path Group: __VIRTUAL_CLK__
Path Type: max

Fanout     Cap    Slew   Delay    Time   Description
-----------------------------------------------------------------------------
                  0.00    0.00    0.00   clock __VIRTUAL_CLK__ (rise edge)
                          0.00    0.00   clock network delay (ideal)
                          2.00    2.00 v input external delay
     1    0.00    0.01    0.00    2.00 v b[1] (in)
                                         b[1] (net)
                  0.01    0.00    2.00 v input6/A (sky130_fd_sc_hd__buf_1)
     2    0.01    0.06    0.10    2.11 v input6/X (sky130_fd_sc_hd__buf_1)
                                         net6 (net)
                  0.06    0.00    2.11 v _13_/A (sky130_fd_sc_hd__xor2_1)
     2    0.01    0.07    0.19    2.30 v _13_/X (sky130_fd_sc_hd__xor2_1)
                                         _00_ (net)
                  0.07    0.00    2.30 v _17_/A3 (sky130_fd_sc_hd__a31o_1)
     2    0.01    0.06    0.26    2.55 v _17_/X (sky130_fd_sc_hd__a31o_1)
                                         _03_ (net)
                  0.06    0.00    2.55 v _21_/A (sky130_fd_sc_hd__xnor2_1)
     1    0.00    0.11    0.15    2.70 ^ _21_/Y (sky130_fd_sc_hd__xnor2_1)
                                         ins3.ins2.sum (net)
                  0.11    0.00    2.70 ^ _33_/A (sky130_fd_sc_hd__clkbuf_1)
     1    0.00    0.05    0.11    2.81 ^ _33_/X (sky130_fd_sc_hd__clkbuf_1)
                                         net12 (net)
                  0.05    0.00    2.81 ^ output12/A (sky130_fd_sc_hd__buf_2)
     1    0.03    0.17    0.21    3.02 ^ output12/X (sky130_fd_sc_hd__buf_2)
                                         sum[2] (net)
                  0.17    0.00    3.02 ^ sum[2] (out)
                                  3.02   data arrival time

                  0.00   10.00   10.00   clock __VIRTUAL_CLK__ (rise edge)
                          0.00   10.00   clock network delay (ideal)
                         -0.25    9.75   clock uncertainty
                          0.00    9.75   clock reconvergence pessimism
                         -2.00    7.75   output external delay
                                  7.75   data required time
-----------------------------------------------------------------------------
                                  7.75   data required time
                                 -3.02   data arrival time
-----------------------------------------------------------------------------
                                  4.73   slack (MET)


Startpoint: b[0] (input port clocked by __VIRTUAL_CLK__)
Endpoint: sum[0] (output port clocked by __VIRTUAL_CLK__)
Path Group: __VIRTUAL_CLK__
Path Type: max

Fanout     Cap    Slew   Delay    Time   Description
-----------------------------------------------------------------------------
                  0.00    0.00    0.00   clock __VIRTUAL_CLK__ (rise edge)
                          0.00    0.00   clock network delay (ideal)
                          2.00    2.00 v input external delay
     1    0.00    0.01    0.00    2.00 v b[0] (in)
                                         b[0] (net)
                  0.01    0.00    2.00 v input5/A (sky130_fd_sc_hd__buf_1)
     3    0.01    0.05    0.10    2.11 v input5/X (sky130_fd_sc_hd__buf_1)
                                         net5 (net)
                  0.05    0.00    2.11 v _28_/A (sky130_fd_sc_hd__or2_1)
     1    0.00    0.04    0.23    2.33 v _28_/X (sky130_fd_sc_hd__or2_1)
                                         _11_ (net)
                  0.04    0.00    2.33 v _29_/B (sky130_fd_sc_hd__and2_1)
     1    0.00    0.03    0.15    2.49 v _29_/X (sky130_fd_sc_hd__and2_1)
                                         _12_ (net)
                  0.03    0.00    2.49 v _30_/A (sky130_fd_sc_hd__clkbuf_1)
     1    0.00    0.02    0.08    2.57 v _30_/X (sky130_fd_sc_hd__clkbuf_1)
                                         ins1.ins1.sum (net)
                  0.02    0.00    2.57 v _31_/A (sky130_fd_sc_hd__clkbuf_1)
     1    0.00    0.03    0.08    2.65 v _31_/X (sky130_fd_sc_hd__clkbuf_1)
                                         net10 (net)
                  0.03    0.00    2.65 v output10/A (sky130_fd_sc_hd__buf_2)
     1    0.03    0.09    0.18    2.83 v output10/X (sky130_fd_sc_hd__buf_2)
                                         sum[0] (net)
                  0.09    0.00    2.84 v sum[0] (out)
                                  2.84   data arrival time

                  0.00   10.00   10.00   clock __VIRTUAL_CLK__ (rise edge)
                          0.00   10.00   clock network delay (ideal)
                         -0.25    9.75   clock uncertainty
                          0.00    9.75   clock reconvergence pessimism
                         -2.00    7.75   output external delay
                                  7.75   data required time
-----------------------------------------------------------------------------
                                  7.75   data required time
                                 -2.84   data arrival time
-----------------------------------------------------------------------------
                                  4.91   slack (MET)


Startpoint: b[1] (input port clocked by __VIRTUAL_CLK__)
Endpoint: sum[1] (output port clocked by __VIRTUAL_CLK__)
Path Group: __VIRTUAL_CLK__
Path Type: max

Fanout     Cap    Slew   Delay    Time   Description
-----------------------------------------------------------------------------
                  0.00    0.00    0.00   clock __VIRTUAL_CLK__ (rise edge)
                          0.00    0.00   clock network delay (ideal)
                          2.00    2.00 ^ input external delay
     1    0.00    0.02    0.01    2.01 ^ b[1] (in)
                                         b[1] (net)
                  0.02    0.00    2.01 ^ input6/A (sky130_fd_sc_hd__buf_1)
     2    0.01    0.12    0.13    2.14 ^ input6/X (sky130_fd_sc_hd__buf_1)
                                         net6 (net)
                  0.12    0.00    2.14 ^ _13_/A (sky130_fd_sc_hd__xor2_1)
     2    0.01    0.20    0.22    2.36 ^ _13_/X (sky130_fd_sc_hd__xor2_1)
                                         _00_ (net)
                  0.20    0.00    2.36 ^ _15_/A (sky130_fd_sc_hd__xnor2_1)
     1    0.00    0.11    0.15    2.51 ^ _15_/Y (sky130_fd_sc_hd__xnor2_1)
                                         ins2.ins2.sum (net)
                  0.11    0.00    2.51 ^ _32_/A (sky130_fd_sc_hd__clkbuf_1)
     1    0.00    0.05    0.11    2.62 ^ _32_/X (sky130_fd_sc_hd__clkbuf_1)
                                         net11 (net)
                  0.05    0.00    2.62 ^ output11/A (sky130_fd_sc_hd__buf_2)
     1    0.03    0.17    0.21    2.83 ^ output11/X (sky130_fd_sc_hd__buf_2)
                                         sum[1] (net)
                  0.17    0.00    2.83 ^ sum[1] (out)
                                  2.83   data arrival time

                  0.00   10.00   10.00   clock __VIRTUAL_CLK__ (rise edge)
                          0.00   10.00   clock network delay (ideal)
                         -0.25    9.75   clock uncertainty
                          0.00    9.75   clock reconvergence pessimism
                         -2.00    7.75   output external delay
                                  7.75   data required time
-----------------------------------------------------------------------------
                                  7.75   data required time
                                 -2.83   data arrival time
-----------------------------------------------------------------------------
                                  4.92   slack (MET)



worst slack corner Typical: 4.5272
max_report_end
checks_report

===========================================================================
report_checks -unconstrained
===========================================================================
======================= Typical Corner ===================================

Startpoint: b[1] (input port clocked by __VIRTUAL_CLK__)
Endpoint: sum[3] (output port clocked by __VIRTUAL_CLK__)
Path Group: __VIRTUAL_CLK__
Path Type: max

Fanout     Cap    Slew   Delay    Time   Description
-----------------------------------------------------------------------------
                  0.00    0.00    0.00   clock __VIRTUAL_CLK__ (rise edge)
                          0.00    0.00   clock network delay (ideal)
                          2.00    2.00 v input external delay
     1    0.00    0.01    0.00    2.00 v b[1] (in)
                                         b[1] (net)
                  0.01    0.00    2.00 v input6/A (sky130_fd_sc_hd__buf_1)
     2    0.01    0.06    0.10    2.11 v input6/X (sky130_fd_sc_hd__buf_1)
                                         net6 (net)
                  0.06    0.00    2.11 v _13_/A (sky130_fd_sc_hd__xor2_1)
     2    0.01    0.07    0.19    2.30 v _13_/X (sky130_fd_sc_hd__xor2_1)
                                         _00_ (net)
                  0.07    0.00    2.30 v _17_/A3 (sky130_fd_sc_hd__a31o_1)
     2    0.01    0.06    0.26    2.55 v _17_/X (sky130_fd_sc_hd__a31o_1)
                                         _03_ (net)
                  0.06    0.00    2.55 v _22_/A1 (sky130_fd_sc_hd__a21boi_1)
     2    0.01    0.20    0.20    2.75 ^ _22_/Y (sky130_fd_sc_hd__a21boi_1)
                                         _07_ (net)
                  0.20    0.00    2.75 ^ _27_/A (sky130_fd_sc_hd__xnor2_1)
     1    0.00    0.12    0.15    2.90 ^ _27_/Y (sky130_fd_sc_hd__xnor2_1)
                                         ins4.ins2.sum (net)
                  0.12    0.00    2.90 ^ _34_/A (sky130_fd_sc_hd__clkbuf_1)
     1    0.00    0.06    0.11    3.01 ^ _34_/X (sky130_fd_sc_hd__clkbuf_1)
                                         net13 (net)
                  0.06    0.00    3.01 ^ output13/A (sky130_fd_sc_hd__buf_2)
     1    0.03    0.17    0.21    3.22 ^ output13/X (sky130_fd_sc_hd__buf_2)
                                         sum[3] (net)
                  0.17    0.00    3.22 ^ sum[3] (out)
                                  3.22   data arrival time

                  0.00   10.00   10.00   clock __VIRTUAL_CLK__ (rise edge)
                          0.00   10.00   clock network delay (ideal)
                         -0.25    9.75   clock uncertainty
                          0.00    9.75   clock reconvergence pessimism
                         -2.00    7.75   output external delay
                                  7.75   data required time
-----------------------------------------------------------------------------
                                  7.75   data required time
                                 -3.22   data arrival time
-----------------------------------------------------------------------------
                                  4.53   slack (MET)




===========================================================================
report_checks --slack_max -0.01
============================================================================
======================= Typical Corner ===================================

No paths found.


===========================================================================
 report_check_types -max_slew -max_cap -max_fanout -violators
============================================================================
======================= Typical Corner ===================================


max slew violations count Typical: 0
max fanout violations count Typical: 0
max cap violations count Typical: 0

===========================================================================
report_parasitic_annotation -report_unannotated
============================================================================
Found 43 unannotated drivers.
 a[0]
 a[1]
 a[2]
 a[3]
 b[0]
 b[1]
 b[2]
 b[3]
 _13_/X
 _14_/Y
 _15_/Y
 _16_/X
 _17_/X
 _18_/X
 _19_/Y
 _20_/Y
 _21_/Y
 _22_/Y
 _23_/Y
 _24_/X
 _25_/Y
 _26_/Y
 _27_/Y
 _28_/X
 _29_/X
 _30_/X
 _31_/X
 _32_/X
 _33_/X
 _34_/X
 input1/X
 input2/X
 input3/X
 input4/X
 input5/X
 input6/X
 input7/X
 input8/X
 output10/X
 output11/X
 output12/X
 output13/X
 output9/X
Found 0 partially unannotated drivers.

===========================================================================
max slew violation count 0
max fanout violation count 0
max cap violation count 0
============================================================================

===========================================================================
check_setup -verbose -unconstrained_endpoints -multiple_clock -no_clock -no_input_delay -loops -generated_clocks
===========================================================================
checks_report_end
power_report

===========================================================================
 report_power
============================================================================
======================= Typical Corner ===================================

Group                  Internal  Switching    Leakage      Total
                          Power      Power      Power      Power (Watts)
----------------------------------------------------------------
Sequential             0.00e+00   0.00e+00   0.00e+00   0.00e+00   0.0%
Combinational          5.33e-06   9.16e-06   7.83e-11   1.45e-05 100.0%
Clock                  0.00e+00   0.00e+00   1.43e-10   1.43e-10   0.0%
Macro                  0.00e+00   0.00e+00   0.00e+00   0.00e+00   0.0%
Pad                    0.00e+00   0.00e+00   0.00e+00   0.00e+00   0.0%
----------------------------------------------------------------
Total                  5.33e-06   9.16e-06   2.21e-10   1.45e-05 100.0%
                          36.8%      63.2%       0.0%

power_report_end
summary_report

===========================================================================
report_tns
============================================================================
tns 0.00

===========================================================================
report_wns
============================================================================
wns 0.00

===========================================================================
report_worst_slack -max (Setup)
============================================================================
worst slack 4.53

===========================================================================
report_worst_slack -min (Hold)
============================================================================
worst slack 4.20
summary_report_end
area_report

===========================================================================
report_design_area
============================================================================
Design area 243 u^2 7% utilization.
area_report_end
[WARNING] Did not save OpenROAD database!
Writing SDF to '/home/codespace/OpenLane/designs/fa4bit/runs/run1/results/signoff/fa4bit.sdf'…
