OpenROAD 0889970d1790a2617e69f253221b8bd7626e51dc 
This program is licensed under the BSD-3 license. See the LICENSE file for details.
Components of this program may be licensed under more restrictive licenses which must be honored.
[INFO]: Reading ODB at '/home/codespace/OpenLane/designs/fa4bit/runs/run1/tmp/placement/9-io.odb'…
define_corners Typical
read_liberty -corner Typical /home/codespace/.volare/sky130A/libs.ref/sky130_fd_sc_hd/lib/sky130_fd_sc_hd__tt_025C_1v80.lib
Using 1e-12 for capacitance...
Using 1e+03 for resistance...
Using 1e-09 for time...
Using 1e+00 for voltage...
Using 1e-03 for current...
Using 1e-09 for power...
Using 1e-06 for distance...
Reading design constraints file at '/openlane/scripts/base.sdc'…
[INFO]: Setting output delay to: 2.0
[INFO]: Setting input delay to: 2.0
[WARNING STA-0337] port '__VIRTUAL_CLK__' not found.
[INFO]: Setting load to: 0.033442
[INFO]: Setting clock uncertainty to: 0.25
[INFO]: Setting clock transition to: 0.15
[WARNING STA-0559] transition time can not be specified for virtual clocks.
[INFO]: Setting timing derate to: 5.0 %
[INFO]: Setting RC values...
[INFO]: Setting signal min routing layer to: met1 and clock min routing layer to met1. 
[INFO]: Setting signal max routing layer to: met5 and clock max routing layer to met5. 
[WARNING GPL-0150] -skip_io will disable timing driven mode.
[WARNING GPL-0151] -skip_io will disable routability driven mode.
[INFO GPL-0002] DBU: 1000
[INFO GPL-0003] SiteSize: 460 2720
[INFO GPL-0004] CoreAreaLxLy: 5520 10880
[INFO GPL-0005] CoreAreaUxUy: 66240 70720
[INFO GPL-0006] NumInstances: 114
[INFO GPL-0007] NumPlaceInstances: 22
[INFO GPL-0008] NumFixedInstances: 92
[INFO GPL-0009] NumDummyInstances: 0
[INFO GPL-0010] NumNets: 30
[INFO GPL-0011] NumPins: 65
[INFO GPL-0012] DieAreaLxLy: 0 0
[INFO GPL-0013] DieAreaUxUy: 72100 82820
[INFO GPL-0014] CoreAreaLxLy: 5520 10880
[INFO GPL-0015] CoreAreaUxUy: 66240 70720
[INFO GPL-0016] CoreArea: 3633484800
[INFO GPL-0017] NonPlaceInstsArea: 225216000
[INFO GPL-0018] PlaceInstsArea: 186428800
[INFO GPL-0019] Util(%): 5.47
[INFO GPL-0020] StdInstsArea: 186428800
[INFO GPL-0021] MacroInstsArea: 0
[INFO GPL-0031] FillerInit: NumGCells: 214
[INFO GPL-0032] FillerInit: NumGNets: 30
[INFO GPL-0033] FillerInit: NumGPins: 65
[INFO GPL-0023] TargetDensity: 0.50
[INFO GPL-0024] AveragePlaceInstArea: 8474036
[INFO GPL-0025] IdealBinArea: 16948072
[INFO GPL-0026] IdealBinCnt: 214
[INFO GPL-0027] TotalBinArea: 3633484800
[INFO GPL-0028] BinCnt: 8 8
[INFO GPL-0029] BinSize: 7590 7480
[INFO GPL-0030] NumBins: 64
[NesterovSolve] Iter: 1 overflow: 0.399962 HPWL: 33910
[NesterovSolve] Iter: 10 overflow: 0.390584 HPWL: 16744
[NesterovSolve] Iter: 20 overflow: 0.383526 HPWL: 14373
[NesterovSolve] Iter: 30 overflow: 0.37644 HPWL: 13678
[NesterovSolve] Iter: 40 overflow: 0.380609 HPWL: 13800
[NesterovSolve] Iter: 50 overflow: 0.382693 HPWL: 13654
[NesterovSolve] Iter: 60 overflow: 0.381449 HPWL: 13706
[NesterovSolve] Iter: 70 overflow: 0.380321 HPWL: 13700
[NesterovSolve] Iter: 80 overflow: 0.380987 HPWL: 13835
[NesterovSolve] Iter: 90 overflow: 0.381613 HPWL: 14072
[NesterovSolve] Iter: 100 overflow: 0.381298 HPWL: 14465
[NesterovSolve] Iter: 110 overflow: 0.380909 HPWL: 15086
[NesterovSolve] Iter: 120 overflow: 0.380881 HPWL: 16082
[NesterovSolve] Iter: 130 overflow: 0.380805 HPWL: 17382
[NesterovSolve] Iter: 140 overflow: 0.380307 HPWL: 18496
[NesterovSolve] Iter: 150 overflow: 0.379553 HPWL: 18612
[NesterovSolve] Iter: 160 overflow: 0.377722 HPWL: 17372
[NesterovSolve] Iter: 170 overflow: 0.373715 HPWL: 18237
[NesterovSolve] Iter: 180 overflow: 0.368921 HPWL: 17863
[NesterovSolve] Iter: 190 overflow: 0.362831 HPWL: 18211
[NesterovSolve] Iter: 200 overflow: 0.348484 HPWL: 18486
[NesterovSolve] Iter: 210 overflow: 0.323777 HPWL: 20417
[NesterovSolve] Iter: 220 overflow: 0.299216 HPWL: 22162
[NesterovSolve] Iter: 230 overflow: 0.274415 HPWL: 23069
[NesterovSolve] Iter: 240 overflow: 0.243081 HPWL: 24761
[NesterovSolve] Iter: 250 overflow: 0.209634 HPWL: 25624
[NesterovSolve] Iter: 260 overflow: 0.182391 HPWL: 26228
[NesterovSolve] Iter: 270 overflow: 0.149264 HPWL: 26527
[NesterovSolve] Iter: 280 overflow: 0.12013 HPWL: 27147
[NesterovSolve] Finished with Overflow: 0.099883
Setting global connections for newly added cells…
Writing OpenROAD database to '/home/codespace/OpenLane/designs/fa4bit/runs/run1/tmp/placement/10-global.odb'…
Writing netlist to '/home/codespace/OpenLane/designs/fa4bit/runs/run1/tmp/placement/10-global.nl.v'…
Writing powered netlist to '/home/codespace/OpenLane/designs/fa4bit/runs/run1/tmp/placement/10-global.pnl.v'…
Writing layout to '/home/codespace/OpenLane/designs/fa4bit/runs/run1/tmp/placement/10-global.def'…
