OpenROAD 0889970d1790a2617e69f253221b8bd7626e51dc 
This program is licensed under the BSD-3 license. See the LICENSE file for details.
Components of this program may be licensed under more restrictive licenses which must be honored.
[INFO]: Reading ODB at '/home/codespace/OpenLane/designs/fa4bit/runs/run1/tmp/routing/19-global.odb'…
define_corners Typical
read_liberty -corner Typical /home/codespace/.volare/sky130A/libs.ref/sky130_fd_sc_hd/lib/sky130_fd_sc_hd__tt_025C_1v80.lib
Using 1e-12 for capacitance...
Using 1e+03 for resistance...
Using 1e-09 for time...
Using 1e+00 for voltage...
Using 1e-03 for current...
Using 1e-09 for power...
Using 1e-06 for distance...
Reading design constraints file at '/openlane/scripts/base.sdc'…
[INFO]: Setting output delay to: 2.0
[INFO]: Setting input delay to: 2.0
[WARNING STA-0337] port '__VIRTUAL_CLK__' not found.
[INFO]: Setting load to: 0.033442
[INFO]: Setting clock uncertainty to: 0.25
[INFO]: Setting clock transition to: 0.15
[WARNING STA-0559] transition time can not be specified for virtual clocks.
[INFO]: Setting timing derate to: 5.0 %
min_report

===========================================================================
report_checks -path_delay min (Hold)
============================================================================
======================= Typical Corner ===================================

Startpoint: a[3] (input port clocked by __VIRTUAL_CLK__)
Endpoint: co (output port clocked by __VIRTUAL_CLK__)
Path Group: __VIRTUAL_CLK__
Path Type: min

Fanout     Cap    Slew   Delay    Time   Description
-----------------------------------------------------------------------------
                  0.00    0.00    0.00   clock __VIRTUAL_CLK__ (rise edge)
                          0.00    0.00   clock network delay (ideal)
                          2.00    2.00 ^ input external delay
     1    0.00    0.02    0.01    2.01 ^ a[3] (in)
                                         a[3] (net)
                  0.02    0.00    2.01 ^ input4/A (sky130_fd_sc_hd__buf_1)
     2    0.00    0.06    0.08    2.09 ^ input4/X (sky130_fd_sc_hd__buf_1)
                                         net4 (net)
                  0.06    0.00    2.09 ^ _23_/B (sky130_fd_sc_hd__nor2_1)
     2    0.00    0.03    0.04    2.13 v _23_/Y (sky130_fd_sc_hd__nor2_1)
                                         _08_ (net)
                  0.03    0.00    2.13 v _25_/A2 (sky130_fd_sc_hd__o21bai_1)
     1    0.00    0.05    0.10    2.23 ^ _25_/Y (sky130_fd_sc_hd__o21bai_1)
                                         net9 (net)
                  0.05    0.00    2.23 ^ output9/A (sky130_fd_sc_hd__clkbuf_4)
     1    0.03    0.11    0.18    2.40 ^ output9/X (sky130_fd_sc_hd__clkbuf_4)
                                         co (net)
                  0.11    0.00    2.40 ^ co (out)
                                  2.40   data arrival time

                  0.00    0.00    0.00   clock __VIRTUAL_CLK__ (rise edge)
                          0.00    0.00   clock network delay (ideal)
                          0.25    0.25   clock uncertainty
                          0.00    0.25   clock reconvergence pessimism
                         -2.00   -1.75   output external delay
                                 -1.75   data required time
-----------------------------------------------------------------------------
                                 -1.75   data required time
                                 -2.40   data arrival time
-----------------------------------------------------------------------------
                                  4.15   slack (MET)


Startpoint: b[0] (input port clocked by __VIRTUAL_CLK__)
Endpoint: sum[1] (output port clocked by __VIRTUAL_CLK__)
Path Group: __VIRTUAL_CLK__
Path Type: min

Fanout     Cap    Slew   Delay    Time   Description
-----------------------------------------------------------------------------
                  0.00    0.00    0.00   clock __VIRTUAL_CLK__ (rise edge)
                          0.00    0.00   clock network delay (ideal)
                          2.00    2.00 v input external delay
     1    0.00    0.01    0.00    2.00 v b[0] (in)
                                         b[0] (net)
                  0.01    0.00    2.00 v input5/A (sky130_fd_sc_hd__buf_1)
     3    0.01    0.04    0.08    2.09 v input5/X (sky130_fd_sc_hd__buf_1)
                                         net5 (net)
                  0.04    0.00    2.09 v _14_/A (sky130_fd_sc_hd__nand2_1)
     2    0.01    0.07    0.07    2.16 ^ _14_/Y (sky130_fd_sc_hd__nand2_1)
                                         _01_ (net)
                  0.07    0.00    2.16 ^ _15_/B (sky130_fd_sc_hd__xnor2_1)
     1    0.00    0.03    0.05    2.21 v _15_/Y (sky130_fd_sc_hd__xnor2_1)
                                         ins2.ins2.sum (net)
                  0.03    0.00    2.21 v _32_/A (sky130_fd_sc_hd__clkbuf_1)
     1    0.00    0.02    0.07    2.28 v _32_/X (sky130_fd_sc_hd__clkbuf_1)
                                         net11 (net)
                  0.02    0.00    2.28 v output11/A (sky130_fd_sc_hd__clkbuf_4)
     1    0.03    0.08    0.16    2.45 v output11/X (sky130_fd_sc_hd__clkbuf_4)
                                         sum[1] (net)
                  0.08    0.00    2.45 v sum[1] (out)
                                  2.45   data arrival time

                  0.00    0.00    0.00   clock __VIRTUAL_CLK__ (rise edge)
                          0.00    0.00   clock network delay (ideal)
                          0.25    0.25   clock uncertainty
                          0.00    0.25   clock reconvergence pessimism
                         -2.00   -1.75   output external delay
                                 -1.75   data required time
-----------------------------------------------------------------------------
                                 -1.75   data required time
                                 -2.45   data arrival time
-----------------------------------------------------------------------------
                                  4.20   slack (MET)


Startpoint: b[2] (input port clocked by __VIRTUAL_CLK__)
Endpoint: sum[2] (output port clocked by __VIRTUAL_CLK__)
Path Group: __VIRTUAL_CLK__
Path Type: min

Fanout     Cap    Slew   Delay    Time   Description
-----------------------------------------------------------------------------
                  0.00    0.00    0.00   clock __VIRTUAL_CLK__ (rise edge)
                          0.00    0.00   clock network delay (ideal)
                          2.00    2.00 ^ input external delay
     1    0.00    0.02    0.01    2.01 ^ b[2] (in)
                                         b[2] (net)
                  0.02    0.00    2.01 ^ input7/A (sky130_fd_sc_hd__buf_1)
     2    0.00    0.06    0.08    2.08 ^ input7/X (sky130_fd_sc_hd__buf_1)
                                         net7 (net)
                  0.06    0.00    2.08 ^ _19_/A (sky130_fd_sc_hd__nand2_1)
     2    0.00    0.04    0.05    2.13 v _19_/Y (sky130_fd_sc_hd__nand2_1)
                                         _05_ (net)
                  0.04    0.00    2.13 v _20_/B (sky130_fd_sc_hd__nand2_1)
     1    0.00    0.06    0.07    2.20 ^ _20_/Y (sky130_fd_sc_hd__nand2_1)
                                         _06_ (net)
                  0.06    0.00    2.20 ^ _21_/B (sky130_fd_sc_hd__xnor2_1)
     1    0.00    0.03    0.05    2.25 v _21_/Y (sky130_fd_sc_hd__xnor2_1)
                                         ins3.ins2.sum (net)
                  0.03    0.00    2.25 v _33_/A (sky130_fd_sc_hd__clkbuf_1)
     1    0.00    0.02    0.07    2.32 v _33_/X (sky130_fd_sc_hd__clkbuf_1)
                                         net12 (net)
                  0.02    0.00    2.32 v output12/A (sky130_fd_sc_hd__clkbuf_4)
     1    0.03    0.08    0.16    2.49 v output12/X (sky130_fd_sc_hd__clkbuf_4)
                                         sum[2] (net)
                  0.08    0.00    2.49 v sum[2] (out)
                                  2.49   data arrival time

                  0.00    0.00    0.00   clock __VIRTUAL_CLK__ (rise edge)
                          0.00    0.00   clock network delay (ideal)
                          0.25    0.25   clock uncertainty
                          0.00    0.25   clock reconvergence pessimism
                         -2.00   -1.75   output external delay
                                 -1.75   data required time
-----------------------------------------------------------------------------
                                 -1.75   data required time
                                 -2.49   data arrival time
-----------------------------------------------------------------------------
                                  4.24   slack (MET)


Startpoint: a[3] (input port clocked by __VIRTUAL_CLK__)
Endpoint: sum[3] (output port clocked by __VIRTUAL_CLK__)
Path Group: __VIRTUAL_CLK__
Path Type: min

Fanout     Cap    Slew   Delay    Time   Description
-----------------------------------------------------------------------------
                  0.00    0.00    0.00   clock __VIRTUAL_CLK__ (rise edge)
                          0.00    0.00   clock network delay (ideal)
                          2.00    2.00 ^ input external delay
     1    0.00    0.02    0.01    2.01 ^ a[3] (in)
                                         a[3] (net)
                  0.02    0.00    2.01 ^ input4/A (sky130_fd_sc_hd__buf_1)
     2    0.00    0.06    0.08    2.09 ^ input4/X (sky130_fd_sc_hd__buf_1)
                                         net4 (net)
                  0.06    0.00    2.09 ^ _23_/B (sky130_fd_sc_hd__nor2_1)
     2    0.00    0.03    0.04    2.13 v _23_/Y (sky130_fd_sc_hd__nor2_1)
                                         _08_ (net)
                  0.03    0.00    2.13 v _26_/B (sky130_fd_sc_hd__nor2_1)
     1    0.00    0.11    0.09    2.22 ^ _26_/Y (sky130_fd_sc_hd__nor2_1)
                                         _10_ (net)
                  0.11    0.00    2.22 ^ _27_/B (sky130_fd_sc_hd__xnor2_1)
     1    0.00    0.03    0.06    2.29 v _27_/Y (sky130_fd_sc_hd__xnor2_1)
                                         ins4.ins2.sum (net)
                  0.03    0.00    2.29 v _34_/A (sky130_fd_sc_hd__clkbuf_1)
     1    0.00    0.02    0.07    2.36 v _34_/X (sky130_fd_sc_hd__clkbuf_1)
                                         net13 (net)
                  0.02    0.00    2.36 v output13/A (sky130_fd_sc_hd__clkbuf_4)
     1    0.03    0.08    0.16    2.52 v output13/X (sky130_fd_sc_hd__clkbuf_4)
                                         sum[3] (net)
                  0.08    0.00    2.52 v sum[3] (out)
                                  2.52   data arrival time

                  0.00    0.00    0.00   clock __VIRTUAL_CLK__ (rise edge)
                          0.00    0.00   clock network delay (ideal)
                          0.25    0.25   clock uncertainty
                          0.00    0.25   clock reconvergence pessimism
                         -2.00   -1.75   output external delay
                                 -1.75   data required time
-----------------------------------------------------------------------------
                                 -1.75   data required time
                                 -2.52   data arrival time
-----------------------------------------------------------------------------
                                  4.27   slack (MET)


Startpoint: b[0] (input port clocked by __VIRTUAL_CLK__)
Endpoint: sum[0] (output port clocked by __VIRTUAL_CLK__)
Path Group: __VIRTUAL_CLK__
Path Type: min

Fanout     Cap    Slew   Delay    Time   Description
-----------------------------------------------------------------------------
                  0.00    0.00    0.00   clock __VIRTUAL_CLK__ (rise edge)
                          0.00    0.00   clock network delay (ideal)
                          2.00    2.00 v input external delay
     1    0.00    0.01    0.00    2.00 v b[0] (in)
                                         b[0] (net)
                  0.01    0.00    2.00 v input5/A (sky130_fd_sc_hd__buf_1)
     3    0.01    0.04    0.08    2.09 v input5/X (sky130_fd_sc_hd__buf_1)
                                         net5 (net)
                  0.04    0.00    2.09 v _14_/A (sky130_fd_sc_hd__nand2_1)
     2    0.01    0.07    0.07    2.16 ^ _14_/Y (sky130_fd_sc_hd__nand2_1)
                                         _01_ (net)
                  0.07    0.00    2.16 ^ _29_/A (sky130_fd_sc_hd__and2_1)
     1    0.00    0.04    0.11    2.26 ^ _29_/X (sky130_fd_sc_hd__and2_1)
                                         _12_ (net)
                  0.04    0.00    2.26 ^ _30_/A (sky130_fd_sc_hd__clkbuf_1)
     1    0.00    0.04    0.07    2.33 ^ _30_/X (sky130_fd_sc_hd__clkbuf_1)
                                         ins1.ins1.sum (net)
                  0.04    0.00    2.33 ^ _31_/A (sky130_fd_sc_hd__clkbuf_1)
     1    0.00    0.03    0.07    2.40 ^ _31_/X (sky130_fd_sc_hd__clkbuf_1)
                                         net10 (net)
                  0.03    0.00    2.40 ^ output10/A (sky130_fd_sc_hd__buf_2)
     1    0.03    0.17    0.18    2.58 ^ output10/X (sky130_fd_sc_hd__buf_2)
                                         sum[0] (net)
                  0.17    0.00    2.58 ^ sum[0] (out)
                                  2.58   data arrival time

                  0.00    0.00    0.00   clock __VIRTUAL_CLK__ (rise edge)
                          0.00    0.00   clock network delay (ideal)
                          0.25    0.25   clock uncertainty
                          0.00    0.25   clock reconvergence pessimism
                         -2.00   -1.75   output external delay
                                 -1.75   data required time
-----------------------------------------------------------------------------
                                 -1.75   data required time
                                 -2.58   data arrival time
-----------------------------------------------------------------------------
                                  4.33   slack (MET)



worst slack corner Typical: 4.1519
min_report_end
max_report

===========================================================================
report_checks -path_delay max (Setup)
============================================================================
======================= Typical Corner ===================================

Startpoint: b[1] (input port clocked by __VIRTUAL_CLK__)
Endpoint: sum[3] (output port clocked by __VIRTUAL_CLK__)
Path Group: __VIRTUAL_CLK__
Path Type: max

Fanout     Cap    Slew   Delay    Time   Description
-----------------------------------------------------------------------------
                  0.00    0.00    0.00   clock __VIRTUAL_CLK__ (rise edge)
                          0.00    0.00   clock network delay (ideal)
                          2.00    2.00 v input external delay
     1    0.00    0.01    0.00    2.00 v b[1] (in)
                                         b[1] (net)
                  0.01    0.00    2.00 v input6/A (sky130_fd_sc_hd__buf_1)
     2    0.01    0.04    0.09    2.09 v input6/X (sky130_fd_sc_hd__buf_1)
                                         net6 (net)
                  0.04    0.00    2.09 v _13_/A (sky130_fd_sc_hd__xor2_1)
     2    0.01    0.07    0.18    2.27 v _13_/X (sky130_fd_sc_hd__xor2_1)
                                         _00_ (net)
                  0.07    0.00    2.27 v _17_/A3 (sky130_fd_sc_hd__a31o_1)
     2    0.01    0.06    0.25    2.52 v _17_/X (sky130_fd_sc_hd__a31o_1)
                                         _03_ (net)
                  0.06    0.00    2.52 v _22_/A1 (sky130_fd_sc_hd__a21boi_1)
     2    0.01    0.19    0.19    2.71 ^ _22_/Y (sky130_fd_sc_hd__a21boi_1)
                                         _07_ (net)
                  0.19    0.00    2.71 ^ _27_/A (sky130_fd_sc_hd__xnor2_1)
     1    0.00    0.11    0.14    2.85 ^ _27_/Y (sky130_fd_sc_hd__xnor2_1)
                                         ins4.ins2.sum (net)
                  0.11    0.00    2.85 ^ _34_/A (sky130_fd_sc_hd__clkbuf_1)
     1    0.00    0.04    0.10    2.95 ^ _34_/X (sky130_fd_sc_hd__clkbuf_1)
                                         net13 (net)
                  0.04    0.00    2.95 ^ output13/A (sky130_fd_sc_hd__clkbuf_4)
     1    0.03    0.11    0.19    3.14 ^ output13/X (sky130_fd_sc_hd__clkbuf_4)
                                         sum[3] (net)
                  0.11    0.00    3.14 ^ sum[3] (out)
                                  3.14   data arrival time

                  0.00   10.00   10.00   clock __VIRTUAL_CLK__ (rise edge)
                          0.00   10.00   clock network delay (ideal)
                         -0.25    9.75   clock uncertainty
                          0.00    9.75   clock reconvergence pessimism
                         -2.00    7.75   output external delay
                                  7.75   data required time
-----------------------------------------------------------------------------
                                  7.75   data required time
                                 -3.14   data arrival time
-----------------------------------------------------------------------------
                                  4.61   slack (MET)


Startpoint: b[1] (input port clocked by __VIRTUAL_CLK__)
Endpoint: co (output port clocked by __VIRTUAL_CLK__)
Path Group: __VIRTUAL_CLK__
Path Type: max

Fanout     Cap    Slew   Delay    Time   Description
-----------------------------------------------------------------------------
                  0.00    0.00    0.00   clock __VIRTUAL_CLK__ (rise edge)
                          0.00    0.00   clock network delay (ideal)
                          2.00    2.00 v input external delay
     1    0.00    0.01    0.00    2.00 v b[1] (in)
                                         b[1] (net)
                  0.01    0.00    2.00 v input6/A (sky130_fd_sc_hd__buf_1)
     2    0.01    0.04    0.09    2.09 v input6/X (sky130_fd_sc_hd__buf_1)
                                         net6 (net)
                  0.04    0.00    2.09 v _13_/A (sky130_fd_sc_hd__xor2_1)
     2    0.01    0.07    0.18    2.27 v _13_/X (sky130_fd_sc_hd__xor2_1)
                                         _00_ (net)
                  0.07    0.00    2.27 v _17_/A3 (sky130_fd_sc_hd__a31o_1)
     2    0.01    0.06    0.25    2.52 v _17_/X (sky130_fd_sc_hd__a31o_1)
                                         _03_ (net)
                  0.06    0.00    2.52 v _22_/A1 (sky130_fd_sc_hd__a21boi_1)
     2    0.01    0.19    0.19    2.71 ^ _22_/Y (sky130_fd_sc_hd__a21boi_1)
                                         _07_ (net)
                  0.19    0.00    2.71 ^ _25_/A1 (sky130_fd_sc_hd__o21bai_1)
     1    0.00    0.05    0.10    2.81 v _25_/Y (sky130_fd_sc_hd__o21bai_1)
                                         net9 (net)
                  0.05    0.00    2.81 v output9/A (sky130_fd_sc_hd__clkbuf_4)
     1    0.03    0.08    0.19    3.00 v output9/X (sky130_fd_sc_hd__clkbuf_4)
                                         co (net)
                  0.08    0.00    3.00 v co (out)
                                  3.00   data arrival time

                  0.00   10.00   10.00   clock __VIRTUAL_CLK__ (rise edge)
                          0.00   10.00   clock network delay (ideal)
                         -0.25    9.75   clock uncertainty
                          0.00    9.75   clock reconvergence pessimism
                         -2.00    7.75   output external delay
                                  7.75   data required time
-----------------------------------------------------------------------------
                                  7.75   data required time
                                 -3.00   data arrival time
-----------------------------------------------------------------------------
                                  4.75   slack (MET)


Startpoint: b[1] (input port clocked by __VIRTUAL_CLK__)
Endpoint: sum[2] (output port clocked by __VIRTUAL_CLK__)
Path Group: __VIRTUAL_CLK__
Path Type: max

Fanout     Cap    Slew   Delay    Time   Description
-----------------------------------------------------------------------------
                  0.00    0.00    0.00   clock __VIRTUAL_CLK__ (rise edge)
                          0.00    0.00   clock network delay (ideal)
                          2.00    2.00 v input external delay
     1    0.00    0.01    0.00    2.00 v b[1] (in)
                                         b[1] (net)
                  0.01    0.00    2.00 v input6/A (sky130_fd_sc_hd__buf_1)
     2    0.01    0.04    0.09    2.09 v input6/X (sky130_fd_sc_hd__buf_1)
                                         net6 (net)
                  0.04    0.00    2.09 v _13_/A (sky130_fd_sc_hd__xor2_1)
     2    0.01    0.07    0.18    2.27 v _13_/X (sky130_fd_sc_hd__xor2_1)
                                         _00_ (net)
                  0.07    0.00    2.27 v _17_/A3 (sky130_fd_sc_hd__a31o_1)
     2    0.01    0.06    0.25    2.52 v _17_/X (sky130_fd_sc_hd__a31o_1)
                                         _03_ (net)
                  0.06    0.00    2.52 v _21_/A (sky130_fd_sc_hd__xnor2_1)
     1    0.00    0.11    0.15    2.67 ^ _21_/Y (sky130_fd_sc_hd__xnor2_1)
                                         ins3.ins2.sum (net)
                  0.11    0.00    2.67 ^ _33_/A (sky130_fd_sc_hd__clkbuf_1)
     1    0.00    0.04    0.10    2.77 ^ _33_/X (sky130_fd_sc_hd__clkbuf_1)
                                         net12 (net)
                  0.04    0.00    2.77 ^ output12/A (sky130_fd_sc_hd__clkbuf_4)
     1    0.03    0.11    0.19    2.96 ^ output12/X (sky130_fd_sc_hd__clkbuf_4)
                                         sum[2] (net)
                  0.11    0.00    2.96 ^ sum[2] (out)
                                  2.96   data arrival time

                  0.00   10.00   10.00   clock __VIRTUAL_CLK__ (rise edge)
                          0.00   10.00   clock network delay (ideal)
                         -0.25    9.75   clock uncertainty
                          0.00    9.75   clock reconvergence pessimism
                         -2.00    7.75   output external delay
                                  7.75   data required time
-----------------------------------------------------------------------------
                                  7.75   data required time
                                 -2.96   data arrival time
-----------------------------------------------------------------------------
                                  4.79   slack (MET)


Startpoint: b[0] (input port clocked by __VIRTUAL_CLK__)
Endpoint: sum[0] (output port clocked by __VIRTUAL_CLK__)
Path Group: __VIRTUAL_CLK__
Path Type: max

Fanout     Cap    Slew   Delay    Time   Description
-----------------------------------------------------------------------------
                  0.00    0.00    0.00   clock __VIRTUAL_CLK__ (rise edge)
                          0.00    0.00   clock network delay (ideal)
                          2.00    2.00 v input external delay
     1    0.00    0.01    0.00    2.00 v b[0] (in)
                                         b[0] (net)
                  0.01    0.00    2.00 v input5/A (sky130_fd_sc_hd__buf_1)
     3    0.01    0.04    0.09    2.09 v input5/X (sky130_fd_sc_hd__buf_1)
                                         net5 (net)
                  0.04    0.00    2.09 v _28_/A (sky130_fd_sc_hd__or2_1)
     1    0.00    0.04    0.22    2.31 v _28_/X (sky130_fd_sc_hd__or2_1)
                                         _11_ (net)
                  0.04    0.00    2.31 v _29_/B (sky130_fd_sc_hd__and2_1)
     1    0.00    0.03    0.15    2.46 v _29_/X (sky130_fd_sc_hd__and2_1)
                                         _12_ (net)
                  0.03    0.00    2.46 v _30_/A (sky130_fd_sc_hd__clkbuf_1)
     1    0.00    0.02    0.08    2.55 v _30_/X (sky130_fd_sc_hd__clkbuf_1)
                                         ins1.ins1.sum (net)
                  0.02    0.00    2.55 v _31_/A (sky130_fd_sc_hd__clkbuf_1)
     1    0.00    0.02    0.07    2.62 v _31_/X (sky130_fd_sc_hd__clkbuf_1)
                                         net10 (net)
                  0.02    0.00    2.62 v output10/A (sky130_fd_sc_hd__buf_2)
     1    0.03    0.09    0.18    2.80 v output10/X (sky130_fd_sc_hd__buf_2)
                                         sum[0] (net)
                  0.09    0.00    2.80 v sum[0] (out)
                                  2.80   data arrival time

                  0.00   10.00   10.00   clock __VIRTUAL_CLK__ (rise edge)
                          0.00   10.00   clock network delay (ideal)
                         -0.25    9.75   clock uncertainty
                          0.00    9.75   clock reconvergence pessimism
                         -2.00    7.75   output external delay
                                  7.75   data required time
-----------------------------------------------------------------------------
                                  7.75   data required time
                                 -2.80   data arrival time
-----------------------------------------------------------------------------
                                  4.95   slack (MET)


Startpoint: a[1] (input port clocked by __VIRTUAL_CLK__)
Endpoint: sum[1] (output port clocked by __VIRTUAL_CLK__)
Path Group: __VIRTUAL_CLK__
Path Type: max

Fanout     Cap    Slew   Delay    Time   Description
-----------------------------------------------------------------------------
                  0.00    0.00    0.00   clock __VIRTUAL_CLK__ (rise edge)
                          0.00    0.00   clock network delay (ideal)
                          2.00    2.00 ^ input external delay
     1    0.00    0.02    0.01    2.01 ^ a[1] (in)
                                         a[1] (net)
                  0.02    0.00    2.01 ^ input2/A (sky130_fd_sc_hd__buf_1)
     2    0.01    0.08    0.10    2.11 ^ input2/X (sky130_fd_sc_hd__buf_1)
                                         net2 (net)
                  0.08    0.00    2.11 ^ _13_/B (sky130_fd_sc_hd__xor2_1)
     2    0.01    0.20    0.21    2.32 ^ _13_/X (sky130_fd_sc_hd__xor2_1)
                                         _00_ (net)
                  0.20    0.00    2.32 ^ _15_/A (sky130_fd_sc_hd__xnor2_1)
     1    0.00    0.11    0.14    2.46 ^ _15_/Y (sky130_fd_sc_hd__xnor2_1)
                                         ins2.ins2.sum (net)
                  0.11    0.00    2.46 ^ _32_/A (sky130_fd_sc_hd__clkbuf_1)
     1    0.00    0.04    0.10    2.56 ^ _32_/X (sky130_fd_sc_hd__clkbuf_1)
                                         net11 (net)
                  0.04    0.00    2.56 ^ output11/A (sky130_fd_sc_hd__clkbuf_4)
     1    0.03    0.11    0.19    2.75 ^ output11/X (sky130_fd_sc_hd__clkbuf_4)
                                         sum[1] (net)
                  0.11    0.00    2.75 ^ sum[1] (out)
                                  2.75   data arrival time

                  0.00   10.00   10.00   clock __VIRTUAL_CLK__ (rise edge)
                          0.00   10.00   clock network delay (ideal)
                         -0.25    9.75   clock uncertainty
                          0.00    9.75   clock reconvergence pessimism
                         -2.00    7.75   output external delay
                                  7.75   data required time
-----------------------------------------------------------------------------
                                  7.75   data required time
                                 -2.75   data arrival time
-----------------------------------------------------------------------------
                                  5.00   slack (MET)



worst slack corner Typical: 4.6122
max_report_end
checks_report

===========================================================================
report_checks -unconstrained
===========================================================================
======================= Typical Corner ===================================

Startpoint: b[1] (input port clocked by __VIRTUAL_CLK__)
Endpoint: sum[3] (output port clocked by __VIRTUAL_CLK__)
Path Group: __VIRTUAL_CLK__
Path Type: max

Fanout     Cap    Slew   Delay    Time   Description
-----------------------------------------------------------------------------
                  0.00    0.00    0.00   clock __VIRTUAL_CLK__ (rise edge)
                          0.00    0.00   clock network delay (ideal)
                          2.00    2.00 v input external delay
     1    0.00    0.01    0.00    2.00 v b[1] (in)
                                         b[1] (net)
                  0.01    0.00    2.00 v input6/A (sky130_fd_sc_hd__buf_1)
     2    0.01    0.04    0.09    2.09 v input6/X (sky130_fd_sc_hd__buf_1)
                                         net6 (net)
                  0.04    0.00    2.09 v _13_/A (sky130_fd_sc_hd__xor2_1)
     2    0.01    0.07    0.18    2.27 v _13_/X (sky130_fd_sc_hd__xor2_1)
                                         _00_ (net)
                  0.07    0.00    2.27 v _17_/A3 (sky130_fd_sc_hd__a31o_1)
     2    0.01    0.06    0.25    2.52 v _17_/X (sky130_fd_sc_hd__a31o_1)
                                         _03_ (net)
                  0.06    0.00    2.52 v _22_/A1 (sky130_fd_sc_hd__a21boi_1)
     2    0.01    0.19    0.19    2.71 ^ _22_/Y (sky130_fd_sc_hd__a21boi_1)
                                         _07_ (net)
                  0.19    0.00    2.71 ^ _27_/A (sky130_fd_sc_hd__xnor2_1)
     1    0.00    0.11    0.14    2.85 ^ _27_/Y (sky130_fd_sc_hd__xnor2_1)
                                         ins4.ins2.sum (net)
                  0.11    0.00    2.85 ^ _34_/A (sky130_fd_sc_hd__clkbuf_1)
     1    0.00    0.04    0.10    2.95 ^ _34_/X (sky130_fd_sc_hd__clkbuf_1)
                                         net13 (net)
                  0.04    0.00    2.95 ^ output13/A (sky130_fd_sc_hd__clkbuf_4)
     1    0.03    0.11    0.19    3.14 ^ output13/X (sky130_fd_sc_hd__clkbuf_4)
                                         sum[3] (net)
                  0.11    0.00    3.14 ^ sum[3] (out)
                                  3.14   data arrival time

                  0.00   10.00   10.00   clock __VIRTUAL_CLK__ (rise edge)
                          0.00   10.00   clock network delay (ideal)
                         -0.25    9.75   clock uncertainty
                          0.00    9.75   clock reconvergence pessimism
                         -2.00    7.75   output external delay
                                  7.75   data required time
-----------------------------------------------------------------------------
                                  7.75   data required time
                                 -3.14   data arrival time
-----------------------------------------------------------------------------
                                  4.61   slack (MET)




===========================================================================
report_checks --slack_max -0.01
============================================================================
======================= Typical Corner ===================================

No paths found.


===========================================================================
 report_check_types -max_slew -max_cap -max_fanout -violators
============================================================================
======================= Typical Corner ===================================


max slew violations count Typical: 0
max fanout violations count Typical: 0
max cap violations count Typical: 0

===========================================================================
report_parasitic_annotation -report_unannotated
============================================================================
Found 43 unannotated drivers.
 a[0]
 a[1]
 a[2]
 a[3]
 b[0]
 b[1]
 b[2]
 b[3]
 _13_/X
 _14_/Y
 _15_/Y
 _16_/X
 _17_/X
 _18_/X
 _19_/Y
 _20_/Y
 _21_/Y
 _22_/Y
 _23_/Y
 _24_/X
 _25_/Y
 _26_/Y
 _27_/Y
 _28_/X
 _29_/X
 _30_/X
 _31_/X
 _32_/X
 _33_/X
 _34_/X
 input1/X
 input2/X
 input3/X
 input4/X
 input5/X
 input6/X
 input7/X
 input8/X
 output10/X
 output11/X
 output12/X
 output13/X
 output9/X
Found 0 partially unannotated drivers.

===========================================================================
max slew violation count 0
max fanout violation count 0
max cap violation count 0
============================================================================

===========================================================================
check_setup -verbose -unconstrained_endpoints -multiple_clock -no_clock -no_input_delay -loops -generated_clocks
===========================================================================
checks_report_end
power_report

===========================================================================
 report_power
============================================================================
======================= Typical Corner ===================================

Group                  Internal  Switching    Leakage      Total
                          Power      Power      Power      Power (Watts)
----------------------------------------------------------------
Sequential             0.00e+00   0.00e+00   0.00e+00   0.00e+00   0.0%
Combinational          6.18e-06   8.32e-06   8.05e-11   1.45e-05 100.0%
Clock                  0.00e+00   0.00e+00   1.43e-10   1.43e-10   0.0%
Macro                  0.00e+00   0.00e+00   0.00e+00   0.00e+00   0.0%
Pad                    0.00e+00   0.00e+00   0.00e+00   0.00e+00   0.0%
----------------------------------------------------------------
Total                  6.18e-06   8.32e-06   2.23e-10   1.45e-05 100.0%
                          42.6%      57.4%       0.0%

power_report_end
summary_report

===========================================================================
report_tns
============================================================================
tns 0.00

===========================================================================
report_wns
============================================================================
wns 0.00

===========================================================================
report_worst_slack -max (Setup)
============================================================================
worst slack 4.61

===========================================================================
report_worst_slack -min (Hold)
============================================================================
worst slack 4.15
summary_report_end
area_report

===========================================================================
report_design_area
============================================================================
Design area 253 u^2 7% utilization.
area_report_end
[WARNING] Did not save OpenROAD database!
