OpenROAD 0889970d1790a2617e69f253221b8bd7626e51dc 
This program is licensed under the BSD-3 license. See the LICENSE file for details.
Components of this program may be licensed under more restrictive licenses which must be honored.
[INFO]: Reading ODB at '/openlane/designs/mux4x1/runs/run1/tmp/placement/9-io.odb'…
define_corners Typical
read_liberty -corner Typical /home/codespace/.volare/sky130A/libs.ref/sky130_fd_sc_hd/lib/sky130_fd_sc_hd__tt_025C_1v80.lib
Using 1e-12 for capacitance...
Using 1e+03 for resistance...
Using 1e-09 for time...
Using 1e+00 for voltage...
Using 1e-03 for current...
Using 1e-09 for power...
Using 1e-06 for distance...
Reading design constraints file at '/openlane/scripts/base.sdc'…
[INFO]: Setting output delay to: 2.0
[INFO]: Setting input delay to: 2.0
[WARNING STA-0337] port '__VIRTUAL_CLK__' not found.
[INFO]: Setting load to: 0.033442
[INFO]: Setting clock uncertainty to: 0.25
[INFO]: Setting clock transition to: 0.15
[WARNING STA-0559] transition time can not be specified for virtual clocks.
[INFO]: Setting timing derate to: 5.0 %
[INFO]: Setting RC values...
[INFO]: Setting signal min routing layer to: met1 and clock min routing layer to met1. 
[INFO]: Setting signal max routing layer to: met5 and clock max routing layer to met5. 
[WARNING GPL-0150] -skip_io will disable timing driven mode.
[WARNING GPL-0151] -skip_io will disable routability driven mode.
[INFO GPL-0002] DBU: 1000
[INFO GPL-0003] SiteSize: 460 2720
[INFO GPL-0004] CoreAreaLxLy: 5520 10880
[INFO GPL-0005] CoreAreaUxUy: 41400 46240
[INFO GPL-0006] NumInstances: 43
[INFO GPL-0007] NumPlaceInstances: 2
[INFO GPL-0008] NumFixedInstances: 41
[INFO GPL-0009] NumDummyInstances: 0
[INFO GPL-0010] NumNets: 8
[INFO GPL-0011] NumPins: 9
[INFO GPL-0012] DieAreaLxLy: 0 0
[INFO GPL-0013] DieAreaUxUy: 47285 58005
[INFO GPL-0014] CoreAreaLxLy: 5520 10880
[INFO GPL-0015] CoreAreaUxUy: 41400 46240
[INFO GPL-0016] CoreArea: 1268716800
[INFO GPL-0017] NonPlaceInstsArea: 116361600
[INFO GPL-0018] PlaceInstsArea: 26275200
[INFO GPL-0019] Util(%): 2.28
[INFO GPL-0020] StdInstsArea: 26275200
[INFO GPL-0021] MacroInstsArea: 0
[INFO GPL-0031] FillerInit: NumGCells: 56
[INFO GPL-0032] FillerInit: NumGNets: 8
[INFO GPL-0033] FillerInit: NumGPins: 9
[INFO GPL-0023] TargetDensity: 0.20
[INFO GPL-0024] AveragePlaceInstArea: 13137600
[INFO GPL-0025] IdealBinArea: 65688000
[INFO GPL-0026] IdealBinCnt: 19
[INFO GPL-0027] TotalBinArea: 1268716800
[INFO GPL-0028] BinCnt: 4 4
[INFO GPL-0029] BinSize: 8970 8840
[INFO GPL-0030] NumBins: 16
[NesterovSolve] Iter: 1 overflow: 0 HPWL: 114
[NesterovSolve] Finished with Overflow: 0.000000
Setting global connections for newly added cells…
Writing OpenROAD database to '/openlane/designs/mux4x1/runs/run1/tmp/placement/10-global.odb'…
Writing netlist to '/openlane/designs/mux4x1/runs/run1/tmp/placement/10-global.nl.v'…
Writing powered netlist to '/openlane/designs/mux4x1/runs/run1/tmp/placement/10-global.pnl.v'…
Writing layout to '/openlane/designs/mux4x1/runs/run1/tmp/placement/10-global.def'…
