
 /----------------------------------------------------------------------------\
 |                                                                            |
 |  yosys -- Yosys Open SYnthesis Suite                                       |
 |                                                                            |
 |  Copyright (C) 2012 - 2020  Claire Xenia Wolf <claire@yosyshq.com>         |
 |                                                                            |
 |  Permission to use, copy, modify, and/or distribute this software for any  |
 |  purpose with or without fee is hereby granted, provided that the above    |
 |  copyright notice and this permission notice appear in all copies.         |
 |                                                                            |
 |  THE SOFTWARE IS PROVIDED "AS IS" AND THE AUTHOR DISCLAIMS ALL WARRANTIES  |
 |  WITH REGARD TO THIS SOFTWARE INCLUDING ALL IMPLIED WARRANTIES OF          |
 |  MERCHANTABILITY AND FITNESS. IN NO EVENT SHALL THE AUTHOR BE LIABLE FOR   |
 |  ANY SPECIAL, DIRECT, INDIRECT, OR CONSEQUENTIAL DAMAGES OR ANY DAMAGES    |
 |  WHATSOEVER RESULTING FROM LOSS OF USE, DATA OR PROFITS, WHETHER IN AN     |
 |  ACTION OF CONTRACT, NEGLIGENCE OR OTHER TORTIOUS ACTION, ARISING OUT OF   |
 |  OR IN CONNECTION WITH THE USE OR PERFORMANCE OF THIS SOFTWARE.            |
 |                                                                            |
 \----------------------------------------------------------------------------/

 Yosys 0.34 (git sha1 4a1b5599258, gcc 8.3.1 -fPIC -Os)

[TCL: yosys -import] Command name collision: found pre-existing command `cd' -> skip.
[TCL: yosys -import] Command name collision: found pre-existing command `eval' -> skip.
[TCL: yosys -import] Command name collision: found pre-existing command `exec' -> skip.
[TCL: yosys -import] Command name collision: found pre-existing command `read' -> skip.
[TCL: yosys -import] Command name collision: found pre-existing command `trace' -> skip.

1. Executing Liberty frontend: /home/codespace/.volare/sky130A/libs.ref/sky130_fd_sc_hd/lib/sky130_fd_sc_hd__tt_025C_1v80.lib
Imported 428 cell types from liberty file.

2. Executing Verilog-2005 frontend: /home/codespace/OpenLane/designs/fa4bit/src/orgate.v
Parsing SystemVerilog input from `/home/codespace/OpenLane/designs/fa4bit/src/orgate.v' to AST representation.
Storing AST representation for module `$abstract\orgate'.
Successfully finished Verilog frontend.

3. Executing Verilog-2005 frontend: /home/codespace/OpenLane/designs/fa4bit/src/ha.v
Parsing SystemVerilog input from `/home/codespace/OpenLane/designs/fa4bit/src/ha.v' to AST representation.
Storing AST representation for module `$abstract\ha'.
Successfully finished Verilog frontend.

4. Executing Verilog-2005 frontend: /home/codespace/OpenLane/designs/fa4bit/src/fa1bit.v
Parsing SystemVerilog input from `/home/codespace/OpenLane/designs/fa4bit/src/fa1bit.v' to AST representation.
Storing AST representation for module `$abstract\fa1bit'.
Successfully finished Verilog frontend.

5. Executing Verilog-2005 frontend: /home/codespace/OpenLane/designs/fa4bit/src/fa4bit.v
Parsing SystemVerilog input from `/home/codespace/OpenLane/designs/fa4bit/src/fa4bit.v' to AST representation.
Storing AST representation for module `$abstract\fa4bit'.
Successfully finished Verilog frontend.

6. Executing HIERARCHY pass (managing design hierarchy).

7. Executing AST frontend in derive mode using pre-parsed AST for module `\fa4bit'.
Generating RTLIL representation for module `\fa4bit'.
/home/codespace/OpenLane/designs/fa4bit/src/fa4bit.v:6: Warning: Identifier `\c1' is implicitly declared.
/home/codespace/OpenLane/designs/fa4bit/src/fa4bit.v:7: Warning: Identifier `\c2' is implicitly declared.
/home/codespace/OpenLane/designs/fa4bit/src/fa4bit.v:8: Warning: Identifier `\c3' is implicitly declared.

7.1. Analyzing design hierarchy..
Top module:  \fa4bit

7.2. Executing AST frontend in derive mode using pre-parsed AST for module `\fa1bit'.
Generating RTLIL representation for module `\fa1bit'.
/home/codespace/OpenLane/designs/fa4bit/src/fa1bit.v:9: Warning: Identifier `\s1' is implicitly declared.
/home/codespace/OpenLane/designs/fa4bit/src/fa1bit.v:9: Warning: Identifier `\c1' is implicitly declared.
/home/codespace/OpenLane/designs/fa4bit/src/fa1bit.v:10: Warning: Identifier `\c2' is implicitly declared.

7.3. Analyzing design hierarchy..
Top module:  \fa4bit
Used module:     \fa1bit

7.4. Executing AST frontend in derive mode using pre-parsed AST for module `\orgate'.
Generating RTLIL representation for module `\orgate'.

7.5. Executing AST frontend in derive mode using pre-parsed AST for module `\ha'.
Generating RTLIL representation for module `\ha'.

7.6. Analyzing design hierarchy..
Top module:  \fa4bit
Used module:     \fa1bit
Used module:         \orgate
Used module:         \ha

7.7. Analyzing design hierarchy..
Top module:  \fa4bit
Used module:     \fa1bit
Used module:         \orgate
Used module:         \ha
Removing unused module `$abstract\fa4bit'.
Removing unused module `$abstract\fa1bit'.
Removing unused module `$abstract\ha'.
Removing unused module `$abstract\orgate'.
Removed 4 unused modules.
Mapping positional arguments of cell fa1bit.ins3 (orgate).
Mapping positional arguments of cell fa1bit.ins2 (ha).
Mapping positional arguments of cell fa1bit.ins1 (ha).
Mapping positional arguments of cell fa4bit.ins4 (fa1bit).
Mapping positional arguments of cell fa4bit.ins3 (fa1bit).
Mapping positional arguments of cell fa4bit.ins2 (fa1bit).
Mapping positional arguments of cell fa4bit.ins1 (fa1bit).

8. Generating Graphviz representation of design.
Writing dot description to `/home/codespace/OpenLane/designs/fa4bit/runs/run1/tmp/synthesis/hierarchy.dot'.
Dumping module fa4bit to page 1.
Renaming module fa4bit to fa4bit.

9. Executing TRIBUF pass.

10. Executing HIERARCHY pass (managing design hierarchy).

10.1. Analyzing design hierarchy..
Top module:  \fa4bit
Used module:     \fa1bit
Used module:         \orgate
Used module:         \ha

10.2. Analyzing design hierarchy..
Top module:  \fa4bit
Used module:     \fa1bit
Used module:         \orgate
Used module:         \ha
Removed 0 unused modules.

11. Executing PROC_CLEAN pass (remove empty switches from decision trees).
Cleaned up 0 empty switches.

12. Executing PROC_RMDEAD pass (remove dead branches from decision trees).
Removed a total of 0 dead cases.

13. Executing PROC_PRUNE pass (remove redundant assignments in processes).
Removed 0 redundant assignments.
Promoted 0 assignments to connections.

14. Executing PROC_INIT pass (extract init attributes).

15. Executing PROC_ARST pass (detect async resets in processes).

16. Executing PROC_ROM pass (convert switches to ROMs).
Converted 0 switches.

17. Executing PROC_MUX pass (convert decision trees to multiplexers).

18. Executing PROC_DLATCH pass (convert process syncs to latches).

19. Executing PROC_DFF pass (convert process syncs to FFs).

20. Executing PROC_MEMWR pass (convert process memory writes to cells).

21. Executing PROC_CLEAN pass (remove empty switches from decision trees).
Cleaned up 0 empty switches.

22. Executing CHECK pass (checking for obvious problems).
Checking module fa4bit...
Checking module orgate...
Checking module fa1bit...
Checking module ha...
Found and reported 0 problems.

23. Executing OPT_EXPR pass (perform const folding).
Optimizing module fa4bit.
Optimizing module orgate.
Optimizing module fa1bit.
Optimizing module ha.

24. Executing FLATTEN pass (flatten design).
Deleting now unused module orgate.
Deleting now unused module fa1bit.
Deleting now unused module ha.
<suppressed ~7 debug messages>

25. Executing OPT_EXPR pass (perform const folding).
Optimizing module fa4bit.
<suppressed ~3 debug messages>

26. Executing OPT_CLEAN pass (remove unused cells and wires).
Finding unused cells or wires in module \fa4bit..
Removed 0 unused cells and 20 unused wires.
<suppressed ~1 debug messages>

27. Executing OPT pass (performing simple optimizations).

27.1. Executing OPT_EXPR pass (perform const folding).
Optimizing module fa4bit.

27.2. Executing OPT_MERGE pass (detect identical cells).
Finding identical cells in module `\fa4bit'.
Removed a total of 0 cells.

27.3. Executing OPT_MUXTREE pass (detect dead branches in mux trees).
Running muxtree optimizer on module \fa4bit..
  Creating internal representation of mux trees.
  No muxes found in this module.
Removed 0 multiplexer ports.

27.4. Executing OPT_REDUCE pass (consolidate $*mux and $reduce_* inputs).
  Optimizing cells in module \fa4bit.
Performed a total of 0 changes.

27.5. Executing OPT_MERGE pass (detect identical cells).
Finding identical cells in module `\fa4bit'.
Removed a total of 0 cells.

27.6. Executing OPT_DFF pass (perform DFF optimizations).

27.7. Executing OPT_CLEAN pass (remove unused cells and wires).
Finding unused cells or wires in module \fa4bit..

27.8. Executing OPT_EXPR pass (perform const folding).
Optimizing module fa4bit.

27.9. Finished OPT passes. (There is nothing left to do.)

28. Executing FSM pass (extract and optimize FSM).

28.1. Executing FSM_DETECT pass (finding FSMs in design).

28.2. Executing FSM_EXTRACT pass (extracting FSM from design).

28.3. Executing FSM_OPT pass (simple optimizations of FSMs).

28.4. Executing OPT_CLEAN pass (remove unused cells and wires).
Finding unused cells or wires in module \fa4bit..

28.5. Executing FSM_OPT pass (simple optimizations of FSMs).

28.6. Executing FSM_RECODE pass (re-assigning FSM state encoding).

28.7. Executing FSM_INFO pass (dumping all available information on FSM cells).

28.8. Executing FSM_MAP pass (mapping FSMs to basic logic).

29. Executing OPT pass (performing simple optimizations).

29.1. Executing OPT_EXPR pass (perform const folding).
Optimizing module fa4bit.

29.2. Executing OPT_MERGE pass (detect identical cells).
Finding identical cells in module `\fa4bit'.
Removed a total of 0 cells.

29.3. Executing OPT_MUXTREE pass (detect dead branches in mux trees).
Running muxtree optimizer on module \fa4bit..
  Creating internal representation of mux trees.
  No muxes found in this module.
Removed 0 multiplexer ports.

29.4. Executing OPT_REDUCE pass (consolidate $*mux and $reduce_* inputs).
  Optimizing cells in module \fa4bit.
Performed a total of 0 changes.

29.5. Executing OPT_MERGE pass (detect identical cells).
Finding identical cells in module `\fa4bit'.
Removed a total of 0 cells.

29.6. Executing OPT_DFF pass (perform DFF optimizations).

29.7. Executing OPT_CLEAN pass (remove unused cells and wires).
Finding unused cells or wires in module \fa4bit..

29.8. Executing OPT_EXPR pass (perform const folding).
Optimizing module fa4bit.

29.9. Finished OPT passes. (There is nothing left to do.)

30. Executing WREDUCE pass (reducing word size of cells).

31. Executing PEEPOPT pass (run peephole optimizers).

32. Executing OPT_CLEAN pass (remove unused cells and wires).
Finding unused cells or wires in module \fa4bit..

33. Executing ALUMACC pass (create $alu and $macc cells).
Extracting $alu and $macc cells in module fa4bit:
  created 0 $alu and 0 $macc cells.

34. Executing SHARE pass (SAT-based resource sharing).

35. Executing OPT pass (performing simple optimizations).

35.1. Executing OPT_EXPR pass (perform const folding).
Optimizing module fa4bit.

35.2. Executing OPT_MERGE pass (detect identical cells).
Finding identical cells in module `\fa4bit'.
Removed a total of 0 cells.

35.3. Executing OPT_MUXTREE pass (detect dead branches in mux trees).
Running muxtree optimizer on module \fa4bit..
  Creating internal representation of mux trees.
  No muxes found in this module.
Removed 0 multiplexer ports.

35.4. Executing OPT_REDUCE pass (consolidate $*mux and $reduce_* inputs).
  Optimizing cells in module \fa4bit.
Performed a total of 0 changes.

35.5. Executing OPT_MERGE pass (detect identical cells).
Finding identical cells in module `\fa4bit'.
Removed a total of 0 cells.

35.6. Executing OPT_DFF pass (perform DFF optimizations).

35.7. Executing OPT_CLEAN pass (remove unused cells and wires).
Finding unused cells or wires in module \fa4bit..

35.8. Executing OPT_EXPR pass (perform const folding).
Optimizing module fa4bit.

35.9. Finished OPT passes. (There is nothing left to do.)

36. Executing MEMORY pass.

36.1. Executing OPT_MEM pass (optimize memories).
Performed a total of 0 transformations.

36.2. Executing OPT_MEM_PRIORITY pass (removing unnecessary memory write priority relations).
Performed a total of 0 transformations.

36.3. Executing OPT_MEM_FEEDBACK pass (finding memory read-to-write feedback paths).

36.4. Executing MEMORY_BMUX2ROM pass (converting muxes to ROMs).

36.5. Executing MEMORY_DFF pass (merging $dff cells to $memrd).

36.6. Executing OPT_CLEAN pass (remove unused cells and wires).
Finding unused cells or wires in module \fa4bit..

36.7. Executing MEMORY_SHARE pass (consolidating $memrd/$memwr cells).

36.8. Executing OPT_MEM_WIDEN pass (optimize memories where all ports are wide).
Performed a total of 0 transformations.

36.9. Executing OPT_CLEAN pass (remove unused cells and wires).
Finding unused cells or wires in module \fa4bit..

36.10. Executing MEMORY_COLLECT pass (generating $mem cells).

37. Executing OPT_CLEAN pass (remove unused cells and wires).
Finding unused cells or wires in module \fa4bit..

38. Executing OPT pass (performing simple optimizations).

38.1. Executing OPT_EXPR pass (perform const folding).
Optimizing module fa4bit.

38.2. Executing OPT_MERGE pass (detect identical cells).
Finding identical cells in module `\fa4bit'.
Removed a total of 0 cells.

38.3. Executing OPT_DFF pass (perform DFF optimizations).

38.4. Executing OPT_CLEAN pass (remove unused cells and wires).
Finding unused cells or wires in module \fa4bit..

38.5. Finished fast OPT passes.

39. Executing MEMORY_MAP pass (converting memories to logic and flip-flops).

40. Executing OPT pass (performing simple optimizations).

40.1. Executing OPT_EXPR pass (perform const folding).
Optimizing module fa4bit.

40.2. Executing OPT_MERGE pass (detect identical cells).
Finding identical cells in module `\fa4bit'.
Removed a total of 0 cells.

40.3. Executing OPT_MUXTREE pass (detect dead branches in mux trees).
Running muxtree optimizer on module \fa4bit..
  Creating internal representation of mux trees.
  No muxes found in this module.
Removed 0 multiplexer ports.

40.4. Executing OPT_REDUCE pass (consolidate $*mux and $reduce_* inputs).
  Optimizing cells in module \fa4bit.
Performed a total of 0 changes.

40.5. Executing OPT_MERGE pass (detect identical cells).
Finding identical cells in module `\fa4bit'.
Removed a total of 0 cells.

40.6. Executing OPT_SHARE pass.

40.7. Executing OPT_DFF pass (perform DFF optimizations).

40.8. Executing OPT_CLEAN pass (remove unused cells and wires).
Finding unused cells or wires in module \fa4bit..

40.9. Executing OPT_EXPR pass (perform const folding).
Optimizing module fa4bit.

40.10. Finished OPT passes. (There is nothing left to do.)

41. Executing TECHMAP pass (map to technology primitives).

41.1. Executing Verilog-2005 frontend: /build/bin/../share/yosys/techmap.v
Parsing Verilog input from `/build/bin/../share/yosys/techmap.v' to AST representation.
Generating RTLIL representation for module `\_90_simplemap_bool_ops'.
Generating RTLIL representation for module `\_90_simplemap_reduce_ops'.
Generating RTLIL representation for module `\_90_simplemap_logic_ops'.
Generating RTLIL representation for module `\_90_simplemap_compare_ops'.
Generating RTLIL representation for module `\_90_simplemap_various'.
Generating RTLIL representation for module `\_90_simplemap_registers'.
Generating RTLIL representation for module `\_90_shift_ops_shr_shl_sshl_sshr'.
Generating RTLIL representation for module `\_90_shift_shiftx'.
Generating RTLIL representation for module `\_90_fa'.
Generating RTLIL representation for module `\_90_lcu'.
Generating RTLIL representation for module `\_90_alu'.
Generating RTLIL representation for module `\_90_macc'.
Generating RTLIL representation for module `\_90_alumacc'.
Generating RTLIL representation for module `\$__div_mod_u'.
Generating RTLIL representation for module `\$__div_mod_trunc'.
Generating RTLIL representation for module `\_90_div'.
Generating RTLIL representation for module `\_90_mod'.
Generating RTLIL representation for module `\$__div_mod_floor'.
Generating RTLIL representation for module `\_90_divfloor'.
Generating RTLIL representation for module `\_90_modfloor'.
Generating RTLIL representation for module `\_90_pow'.
Generating RTLIL representation for module `\_90_pmux'.
Generating RTLIL representation for module `\_90_demux'.
Generating RTLIL representation for module `\_90_lut'.
Successfully finished Verilog frontend.

41.2. Continuing TECHMAP pass.
Using extmapper simplemap for cells of type $and.
Using extmapper simplemap for cells of type $xor.
Using extmapper simplemap for cells of type $or.
No more expansions possible.
<suppressed ~90 debug messages>

42. Executing OPT pass (performing simple optimizations).

42.1. Executing OPT_EXPR pass (perform const folding).
Optimizing module fa4bit.

42.2. Executing OPT_MERGE pass (detect identical cells).
Finding identical cells in module `\fa4bit'.
Removed a total of 0 cells.

42.3. Executing OPT_DFF pass (perform DFF optimizations).

42.4. Executing OPT_CLEAN pass (remove unused cells and wires).
Finding unused cells or wires in module \fa4bit..

42.5. Finished fast OPT passes.

43. Executing ABC pass (technology mapping using ABC).

43.1. Extracting gate netlist of module `\fa4bit' to `<abc-temp-dir>/input.blif'..
Extracted 17 gates and 25 wires to a netlist network with 8 inputs and 5 outputs.

43.1.1. Executing ABC.
Running ABC command: "<yosys-exe-dir>/yosys-abc" -s -f <abc-temp-dir>/abc.script 2>&1
ABC: ABC command line: "source <abc-temp-dir>/abc.script".
ABC: 
ABC: + read_blif <abc-temp-dir>/input.blif 
ABC: + read_library <abc-temp-dir>/stdcells.genlib 
ABC: Entered genlib library with 13 gates from file "<abc-temp-dir>/stdcells.genlib".
ABC: + strash 
ABC: + dretime 
ABC: + map 
ABC: + write_blif <abc-temp-dir>/output.blif 

43.1.2. Re-integrating ABC results.
ABC RESULTS:             ORNOT cells:        1
ABC RESULTS:               AND cells:        2
ABC RESULTS:              NAND cells:        2
ABC RESULTS:            ANDNOT cells:        3
ABC RESULTS:              XNOR cells:        5
ABC RESULTS:               NOR cells:        1
ABC RESULTS:                OR cells:        1
ABC RESULTS:               XOR cells:        2
ABC RESULTS:        internal signals:       12
ABC RESULTS:           input signals:        8
ABC RESULTS:          output signals:        5
Removing temp directory.

44. Executing OPT pass (performing simple optimizations).

44.1. Executing OPT_EXPR pass (perform const folding).
Optimizing module fa4bit.

44.2. Executing OPT_MERGE pass (detect identical cells).
Finding identical cells in module `\fa4bit'.
Removed a total of 0 cells.

44.3. Executing OPT_DFF pass (perform DFF optimizations).

44.4. Executing OPT_CLEAN pass (remove unused cells and wires).
Finding unused cells or wires in module \fa4bit..
Removed 0 unused cells and 50 unused wires.
<suppressed ~38 debug messages>

44.5. Finished fast OPT passes.

45. Executing HIERARCHY pass (managing design hierarchy).

45.1. Analyzing design hierarchy..
Top module:  \fa4bit

45.2. Analyzing design hierarchy..
Top module:  \fa4bit
Removed 0 unused modules.

46. Printing statistics.

=== fa4bit ===

   Number of wires:                 58
   Number of wire bits:             67
   Number of public wires:          46
   Number of public wire bits:      55
   Number of memories:               0
   Number of memory bits:            0
   Number of processes:              0
   Number of cells:                 17
     $_ANDNOT_                       3
     $_AND_                          2
     $_NAND_                         2
     $_NOR_                          1
     $_ORNOT_                        1
     $_OR_                           1
     $_XNOR_                         5
     $_XOR_                          2

47. Executing CHECK pass (checking for obvious problems).
Checking module fa4bit...
Found and reported 0 problems.

48. Generating Graphviz representation of design.
Writing dot description to `/home/codespace/OpenLane/designs/fa4bit/runs/run1/tmp/synthesis/post_techmap.dot'.
Dumping module fa4bit to page 1.

49. Executing SHARE pass (SAT-based resource sharing).

50. Executing OPT pass (performing simple optimizations).

50.1. Executing OPT_EXPR pass (perform const folding).
Optimizing module fa4bit.

50.2. Executing OPT_MERGE pass (detect identical cells).
Finding identical cells in module `\fa4bit'.
Removed a total of 0 cells.

50.3. Executing OPT_MUXTREE pass (detect dead branches in mux trees).
Running muxtree optimizer on module \fa4bit..
  Creating internal representation of mux trees.
  No muxes found in this module.
Removed 0 multiplexer ports.

50.4. Executing OPT_REDUCE pass (consolidate $*mux and $reduce_* inputs).
  Optimizing cells in module \fa4bit.
Performed a total of 0 changes.

50.5. Executing OPT_MERGE pass (detect identical cells).
Finding identical cells in module `\fa4bit'.
Removed a total of 0 cells.

50.6. Executing OPT_DFF pass (perform DFF optimizations).

50.7. Executing OPT_CLEAN pass (remove unused cells and wires).
Finding unused cells or wires in module \fa4bit..

50.8. Executing OPT_EXPR pass (perform const folding).
Optimizing module fa4bit.

50.9. Finished OPT passes. (There is nothing left to do.)

51. Executing OPT_CLEAN pass (remove unused cells and wires).
Finding unused cells or wires in module \fa4bit..
Removed 0 unused cells and 38 unused wires.
<suppressed ~38 debug messages>

52. Printing statistics.

=== fa4bit ===

   Number of wires:                 20
   Number of wire bits:             29
   Number of public wires:           8
   Number of public wire bits:      17
   Number of memories:               0
   Number of memory bits:            0
   Number of processes:              0
   Number of cells:                 17
     $_ANDNOT_                       3
     $_AND_                          2
     $_NAND_                         2
     $_NOR_                          1
     $_ORNOT_                        1
     $_OR_                           1
     $_XNOR_                         5
     $_XOR_                          2

mapping tbuf

53. Executing TECHMAP pass (map to technology primitives).

53.1. Executing Verilog-2005 frontend: /home/codespace/.volare/sky130A/libs.tech/openlane/sky130_fd_sc_hd/tribuff_map.v
Parsing Verilog input from `/home/codespace/.volare/sky130A/libs.tech/openlane/sky130_fd_sc_hd/tribuff_map.v' to AST representation.
Generating RTLIL representation for module `\$_TBUF_'.
Successfully finished Verilog frontend.

53.2. Continuing TECHMAP pass.
No more expansions possible.
<suppressed ~3 debug messages>

54. Executing SIMPLEMAP pass (map simple cells to gate primitives).

55. Executing TECHMAP pass (map to technology primitives).

55.1. Executing Verilog-2005 frontend: /home/codespace/.volare/sky130A/libs.tech/openlane/sky130_fd_sc_hd/latch_map.v
Parsing Verilog input from `/home/codespace/.volare/sky130A/libs.tech/openlane/sky130_fd_sc_hd/latch_map.v' to AST representation.
Generating RTLIL representation for module `\$_DLATCH_P_'.
Generating RTLIL representation for module `\$_DLATCH_N_'.
Successfully finished Verilog frontend.

55.2. Continuing TECHMAP pass.
No more expansions possible.
<suppressed ~4 debug messages>

56. Executing SIMPLEMAP pass (map simple cells to gate primitives).

57. Executing DFFLIBMAP pass (mapping DFF cells to sequential cells from liberty file).
  cell sky130_fd_sc_hd__dfxtp_2 (noninv, pins=3, area=21.27) is a direct match for cell type $_DFF_P_.
  cell sky130_fd_sc_hd__dfrtp_2 (noninv, pins=4, area=26.28) is a direct match for cell type $_DFF_PN0_.
  cell sky130_fd_sc_hd__dfstp_2 (noninv, pins=4, area=26.28) is a direct match for cell type $_DFF_PN1_.
  cell sky130_fd_sc_hd__dfbbn_2 (noninv, pins=6, area=35.03) is a direct match for cell type $_DFFSR_NNN_.
  final dff cell mappings:
    unmapped dff cell: $_DFF_N_
    \sky130_fd_sc_hd__dfxtp_2 _DFF_P_ (.CLK( C), .D( D), .Q( Q));
    unmapped dff cell: $_DFF_NN0_
    unmapped dff cell: $_DFF_NN1_
    unmapped dff cell: $_DFF_NP0_
    unmapped dff cell: $_DFF_NP1_
    \sky130_fd_sc_hd__dfrtp_2 _DFF_PN0_ (.CLK( C), .D( D), .Q( Q), .RESET_B( R));
    \sky130_fd_sc_hd__dfstp_2 _DFF_PN1_ (.CLK( C), .D( D), .Q( Q), .SET_B( R));
    unmapped dff cell: $_DFF_PP0_
    unmapped dff cell: $_DFF_PP1_
    \sky130_fd_sc_hd__dfbbn_2 _DFFSR_NNN_ (.CLK_N( C), .D( D), .Q( Q), .Q_N(~Q), .RESET_B( R), .SET_B( S));
    unmapped dff cell: $_DFFSR_NNP_
    unmapped dff cell: $_DFFSR_NPN_
    unmapped dff cell: $_DFFSR_NPP_
    unmapped dff cell: $_DFFSR_PNN_
    unmapped dff cell: $_DFFSR_PNP_
    unmapped dff cell: $_DFFSR_PPN_
    unmapped dff cell: $_DFFSR_PPP_

57.1. Executing DFFLEGALIZE pass (convert FFs to types supported by the target).
Mapping DFF cells in module `\fa4bit':

58. Printing statistics.

=== fa4bit ===

   Number of wires:                 20
   Number of wire bits:             29
   Number of public wires:           8
   Number of public wire bits:      17
   Number of memories:               0
   Number of memory bits:            0
   Number of processes:              0
   Number of cells:                 17
     $_ANDNOT_                       3
     $_AND_                          2
     $_NAND_                         2
     $_NOR_                          1
     $_ORNOT_                        1
     $_OR_                           1
     $_XNOR_                         5
     $_XOR_                          2

[INFO]: USING STRATEGY AREA 0

59. Executing ABC pass (technology mapping using ABC).

59.1. Extracting gate netlist of module `\fa4bit' to `/tmp/yosys-abc-MnaAH9/input.blif'..
Extracted 17 gates and 25 wires to a netlist network with 8 inputs and 5 outputs.

59.1.1. Executing ABC.
Running ABC command: "/build/bin/yosys-abc" -s -f /tmp/yosys-abc-MnaAH9/abc.script 2>&1
ABC: ABC command line: "source /tmp/yosys-abc-MnaAH9/abc.script".
ABC: 
ABC: + read_blif /tmp/yosys-abc-MnaAH9/input.blif 
ABC: + read_lib -w /home/codespace/OpenLane/designs/fa4bit/runs/run1/tmp/synthesis/trimmed.lib 
ABC: Parsing finished successfully.  Parsing time =     0.05 sec
ABC: Scl_LibertyReadGenlib() skipped sequential cell "sky130_fd_sc_hd__dfbbn_2".
ABC: Scl_LibertyReadGenlib() skipped sequential cell "sky130_fd_sc_hd__dfrbp_2".
ABC: Scl_LibertyReadGenlib() skipped sequential cell "sky130_fd_sc_hd__dfrtp_2".
ABC: Scl_LibertyReadGenlib() skipped sequential cell "sky130_fd_sc_hd__dfrtp_4".
ABC: Scl_LibertyReadGenlib() skipped sequential cell "sky130_fd_sc_hd__dfsbp_2".
ABC: Scl_LibertyReadGenlib() skipped sequential cell "sky130_fd_sc_hd__dfstp_2".
ABC: Scl_LibertyReadGenlib() skipped sequential cell "sky130_fd_sc_hd__dfstp_4".
ABC: Scl_LibertyReadGenlib() skipped sequential cell "sky130_fd_sc_hd__dfxbp_2".
ABC: Scl_LibertyReadGenlib() skipped sequential cell "sky130_fd_sc_hd__dfxtp_2".
ABC: Scl_LibertyReadGenlib() skipped sequential cell "sky130_fd_sc_hd__dfxtp_4".
ABC: Scl_LibertyReadGenlib() skipped sequential cell "sky130_fd_sc_hd__dlxtn_1".
ABC: Scl_LibertyReadGenlib() skipped sequential cell "sky130_fd_sc_hd__dlxtn_2".
ABC: Scl_LibertyReadGenlib() skipped sequential cell "sky130_fd_sc_hd__dlxtn_4".
ABC: Scl_LibertyReadGenlib() skipped sequential cell "sky130_fd_sc_hd__dlxtp_1".
ABC: Scl_LibertyReadGenlib() skipped three-state cell "sky130_fd_sc_hd__ebufn_2".
ABC: Scl_LibertyReadGenlib() skipped three-state cell "sky130_fd_sc_hd__ebufn_4".
ABC: Scl_LibertyReadGenlib() skipped three-state cell "sky130_fd_sc_hd__ebufn_8".
ABC: Library "sky130A_merged" from "/home/codespace/OpenLane/designs/fa4bit/runs/run1/tmp/synthesis/trimmed.lib" has 175 cells (17 skipped: 14 seq; 3 tri-state; 0 no func; 0 dont_use).  Time =     0.08 sec
ABC: Memory =    9.54 MB. Time =     0.08 sec
ABC: Warning: Detected 2 multi-output gates (for example, "sky130_fd_sc_hd__fa_1").
ABC: + read_constr -v /home/codespace/OpenLane/designs/fa4bit/runs/run1/tmp/synthesis/synthesis.sdc 
ABC: Setting driving cell to be "sky130_fd_sc_hd__inv_2".
ABC: Setting output load to be 33.442001.
ABC: + read_constr /home/codespace/OpenLane/designs/fa4bit/runs/run1/tmp/synthesis/synthesis.sdc 
ABC: + fx 
ABC: + mfs 
ABC: + strash 
ABC: + drf -l 
ABC: + balance 
ABC: + drw -l 
ABC: + drf -l 
ABC: + balance 
ABC: + drw -l 
ABC: + drw -l -z 
ABC: + balance 
ABC: + drf -l -z 
ABC: + drw -l -z 
ABC: + balance 
ABC: + retime -D -D 10000.0 -M 5 
ABC: + scleanup 
ABC: Error: The network is combinational.
ABC: + fraig_store 
ABC: + balance 
ABC: + fraig_store 
ABC: + balance 
ABC: + drw -l 
ABC: + drf -l 
ABC: + balance 
ABC: + drw -l 
ABC: + drw -l -z 
ABC: + balance 
ABC: + drf -l -z 
ABC: + drw -l -z 
ABC: + balance 
ABC: + fraig_store 
ABC: + balance 
ABC: + drw -l 
ABC: + drf -l 
ABC: + balance 
ABC: + drw -l 
ABC: + drw -l -z 
ABC: + balance 
ABC: + drf -l -z 
ABC: + drw -l -z 
ABC: + balance 
ABC: + fraig_store 
ABC: + balance 
ABC: + drw -l 
ABC: + drf -l 
ABC: + balance 
ABC: + drw -l 
ABC: + drw -l -z 
ABC: + balance 
ABC: + drf -l -z 
ABC: + drw -l -z 
ABC: + balance 
ABC: + fraig_store 
ABC: + fraig_restore 
ABC: + amap -m -Q 0.1 -F 20 -A 20 -C 5000 
ABC: + retime -D -D 10000.0 
ABC: + &get -n 
ABC: + &st 
ABC: + &dch 
ABC: + &nf 
ABC: + &put 
ABC: + buffer -N 10 -S 750.0 
ABC: + upsize -D 10000.0 
ABC: Current delay (1023.21 ps) does not exceed the target delay (10000.00 ps). Upsizing is not performed.
ABC: + dnsize -D 10000.0 
ABC: + stime -p 
ABC: WireLoad = "none"  Gates =     18 (  5.6 %)   Cap = 12.6 ff (  1.4 %)   Area =      166.41 ( 94.4 %)   Delay =   963.68 ps  ( 22.2 %)               
ABC: Path  0 --       3 : 0    2 pi                        A =   0.00  Df =  36.7  -20.6 ps  S =  56.5 ps  Cin =  0.0 ff  Cout =  10.9 ff  Cmax =   0.0 ff  G =    0  
ABC: Path  1 --      14 : 2    2 sky130_fd_sc_hd__xor2_2   A =  16.27  Df = 246.5  -53.4 ps  S = 188.2 ps  Cin =  8.6 ff  Cout =  11.5 ff  Cmax = 130.0 ff  G =  128  
ABC: Path  2 --      18 : 4    2 sky130_fd_sc_hd__a31o_2   A =   8.76  Df = 473.5   -2.9 ps  S =  95.1 ps  Cin =  2.4 ff  Cout =  13.6 ff  Cmax = 271.9 ff  G =  557  
ABC: Path  3 --      23 : 3    2 sky130_fd_sc_hd__a21boi_2 A =  11.26  Df = 676.7 -122.8 ps  S = 193.8 ps  Cin =  3.6 ff  Cout =  13.6 ff  Cmax = 129.1 ff  G =  363  
ABC: Path  4 --      28 : 2    1 sky130_fd_sc_hd__xnor2_2  A =  16.27  Df = 963.7  -11.8 ps  S = 453.8 ps  Cin =  8.5 ff  Cout =  33.4 ff  Cmax = 121.8 ff  G =  394  
ABC: Start-point = pi2 (\b [1]).  End-point = po3 (\ins4.ins2.sum).
ABC: + print_stats -m 
ABC: netlist                       : i/o =    8/    5  lat =    0  nd =    18  edge =     39  area =166.46  delay = 4.00  lev = 4
ABC: + write_blif /tmp/yosys-abc-MnaAH9/output.blif 

59.1.2. Re-integrating ABC results.
ABC RESULTS:   sky130_fd_sc_hd__xor2_2 cells:        1
ABC RESULTS:   sky130_fd_sc_hd__a31o_2 cells:        1
ABC RESULTS:   sky130_fd_sc_hd__nand2_2 cells:        3
ABC RESULTS:   sky130_fd_sc_hd__a21boi_2 cells:        1
ABC RESULTS:   sky130_fd_sc_hd__o21bai_2 cells:        1
ABC RESULTS:   sky130_fd_sc_hd__nor2_2 cells:        2
ABC RESULTS:   sky130_fd_sc_hd__xnor2_2 cells:        3
ABC RESULTS:   sky130_fd_sc_hd__or2_2 cells:        2
ABC RESULTS:   sky130_fd_sc_hd__and2_2 cells:        3
ABC RESULTS:   sky130_fd_sc_hd__buf_1 cells:        1
ABC RESULTS:        internal signals:       12
ABC RESULTS:           input signals:        8
ABC RESULTS:          output signals:        5
Removing temp directory.

60. Executing SETUNDEF pass (replace undef values with defined constants).

61. Executing HILOMAP pass (mapping to constant drivers).

62. Executing SPLITNETS pass (splitting up multi-bit signals).

63. Executing OPT_CLEAN pass (remove unused cells and wires).
Finding unused cells or wires in module \fa4bit..
Removed 0 unused cells and 25 unused wires.
<suppressed ~1 debug messages>

64. Executing INSBUF pass (insert buffer cells for connected wires).
Add fa4bit/$auto$insbuf.cc:97:execute$136: \ins1.ins1.sum -> \sum [0]
Add fa4bit/$auto$insbuf.cc:97:execute$137: \ins2.ins2.sum -> \sum [1]
Add fa4bit/$auto$insbuf.cc:97:execute$138: \ins3.ins2.sum -> \sum [2]
Add fa4bit/$auto$insbuf.cc:97:execute$139: \ins4.ins2.sum -> \sum [3]

65. Executing CHECK pass (checking for obvious problems).
Checking module fa4bit...
Found and reported 0 problems.

66. Printing statistics.

=== fa4bit ===

   Number of wires:                 21
   Number of wire bits:             30
   Number of public wires:           8
   Number of public wire bits:      17
   Number of memories:               0
   Number of memory bits:            0
   Number of processes:              0
   Number of cells:                 22
     sky130_fd_sc_hd__a21boi_2       1
     sky130_fd_sc_hd__a31o_2         1
     sky130_fd_sc_hd__and2_2         3
     sky130_fd_sc_hd__buf_1          1
     sky130_fd_sc_hd__buf_2          4
     sky130_fd_sc_hd__nand2_2        3
     sky130_fd_sc_hd__nor2_2         2
     sky130_fd_sc_hd__o21bai_2       1
     sky130_fd_sc_hd__or2_2          2
     sky130_fd_sc_hd__xnor2_2        3
     sky130_fd_sc_hd__xor2_2         1

   Chip area for module '\fa4bit': 186.428800

67. Executing Verilog backend.
Dumping module `\fa4bit'.

68. Executing JSON backend.

Warnings: 4 unique messages, 6 total
End of script. Logfile hash: 943bf81c13, CPU: user 0.58s system 0.04s, MEM: 45.25 MB peak
Yosys 0.34 (git sha1 4a1b5599258, gcc 8.3.1 -fPIC -Os)
Time spent: 26% 2x read_liberty (0 sec), 25% 2x abc (0 sec), ...
