OpenROAD 0889970d1790a2617e69f253221b8bd7626e51dc 
This program is licensed under the BSD-3 license. See the LICENSE file for details.
Components of this program may be licensed under more restrictive licenses which must be honored.
define_corners Typical
read_liberty -corner Typical /home/codespace/.volare/sky130A/libs.ref/sky130_fd_sc_hd/lib/sky130_fd_sc_hd__tt_025C_1v80.lib
Using 1e-12 for capacitance...
Using 1e+03 for resistance...
Using 1e-09 for time...
Using 1e+00 for voltage...
Using 1e-03 for current...
Using 1e-09 for power...
Using 1e-06 for distance...
[INFO ODB-0222] Reading LEF file: /openlane/designs/counter/runs/run1/tmp/merged.nom.lef
[INFO ODB-0223]     Created 13 technology layers
[INFO ODB-0224]     Created 25 technology vias
[INFO ODB-0225]     Created 441 library cells
[INFO ODB-0226] Finished LEF file:  /openlane/designs/counter/runs/run1/tmp/merged.nom.lef
Reading netlist '/openlane/designs/counter/runs/run1/results/synthesis/counter.v'…
Reading design constraints file at '/openlane/designs/counter/counter.sdc'…
[INFO IFP-0001] Added 21 rows of 124 site unithd.
[INFO IFP-0030] Inserted 0 tiecells using sky130_fd_sc_hd__conb_1/LO.
[INFO IFP-0030] Inserted 0 tiecells using sky130_fd_sc_hd__conb_1/HI.
[INFO] Extracting DIE_AREA and CORE_AREA from the floorplan
[INFO] Floorplanned on a die area of 0.0 0.0 68.515 79.235 (microns). Saving to /openlane/designs/counter/runs/run1/reports/floorplan/3-initial_fp_die_area.rpt.
[INFO] Floorplanned on a core area of 5.52 10.88 62.56 68.0 (microns). Saving to /openlane/designs/counter/runs/run1/reports/floorplan/3-initial_fp_core_area.rpt.
Writing OpenROAD database to '/openlane/designs/counter/runs/run1/tmp/floorplan/3-initial_fp.odb'…
Writing layout to '/openlane/designs/counter/runs/run1/tmp/floorplan/3-initial_fp.def'…
Writing timing constraints to '/openlane/designs/counter/runs/run1/tmp/floorplan/3-initial_fp.sdc'…
