Mon Mar 11 06:07:20 UTC 2024 - Executing "{openroad -exit -no_init -python /openlane/scripts/odbpy/lefutil.py get_metal_layers -o /openlane/designs/fa/runs/run1/tmp/layers.list /home/codespace/.volare/sky130A/libs.ref/sky130_fd_sc_hd/techlef/sky130_fd_sc_hd__nom.tlef}"

Mon Mar 11 06:07:23 UTC 2024 - Executing "{/openlane/scripts/mergeLef.py -o /openlane/designs/fa/runs/run1/tmp/merged.nom.lef -i /home/codespace/.volare/sky130A/libs.ref/sky130_fd_sc_hd/techlef/sky130_fd_sc_hd__nom.tlef {/home/codespace/.volare/sky130A/libs.ref/sky130_fd_sc_hd/lef/sky130_ef_sc_hd.lef /home/codespace/.volare/sky130A/libs.ref/sky130_fd_sc_hd/lef/sky130_fd_sc_hd.lef} |& tee /dev/null}"

Mon Mar 11 06:07:24 UTC 2024 - Executing "{/openlane/scripts/mergeLef.py -o /openlane/designs/fa/runs/run1/tmp/merged.min.lef -i /home/codespace/.volare/sky130A/libs.ref/sky130_fd_sc_hd/techlef/sky130_fd_sc_hd__min.tlef {/home/codespace/.volare/sky130A/libs.ref/sky130_fd_sc_hd/lef/sky130_ef_sc_hd.lef /home/codespace/.volare/sky130A/libs.ref/sky130_fd_sc_hd/lef/sky130_fd_sc_hd.lef} |& tee /dev/null}"

Mon Mar 11 06:07:24 UTC 2024 - Executing "{/openlane/scripts/mergeLef.py -o /openlane/designs/fa/runs/run1/tmp/merged.max.lef -i /home/codespace/.volare/sky130A/libs.ref/sky130_fd_sc_hd/techlef/sky130_fd_sc_hd__max.tlef {/home/codespace/.volare/sky130A/libs.ref/sky130_fd_sc_hd/lef/sky130_ef_sc_hd.lef /home/codespace/.volare/sky130A/libs.ref/sky130_fd_sc_hd/lef/sky130_fd_sc_hd.lef} |& tee /dev/null}"

Mon Mar 11 06:07:24 UTC 2024 - Executing "{python3 /openlane/scripts/mergeLib.py --output /openlane/designs/fa/runs/run1/tmp/synthesis/merged.lib --name sky130A_merged /home/codespace/.volare/sky130A/libs.ref/sky130_fd_sc_hd/lib/sky130_fd_sc_hd__tt_025C_1v80.lib}"

Mon Mar 11 06:07:24 UTC 2024 - Executing "{python3 /openlane/scripts/libtrim.py --cell-file /openlane/designs/fa/runs/run1/tmp/synthesis/trimmed.lib.exclude.list --output /openlane/designs/fa/runs/run1/tmp/synthesis/trimmed.lib /openlane/designs/fa/runs/run1/tmp/synthesis/merged.lib}"

Mon Mar 11 06:07:24 UTC 2024 - Executing "{python3 /openlane/scripts/libtrim.py --cell-file /openlane/designs/fa/runs/run1/tmp/cts/cts.lib.exclude.list --output /openlane/designs/fa/runs/run1/tmp/cts/cts.lib /home/codespace/.volare/sky130A/libs.ref/sky130_fd_sc_hd/lib/sky130_fd_sc_hd__tt_025C_1v80.lib}"

Mon Mar 11 06:07:25 UTC 2024 - Executing "{python3 /openlane/scripts/libtrim.py --cell-file /openlane/designs/fa/runs/run1/tmp/cts/cts-fastest.lib.exclude.list --output /openlane/designs/fa/runs/run1/tmp/cts/cts-fastest.lib /home/codespace/.volare/sky130A/libs.ref/sky130_fd_sc_hd/lib/sky130_fd_sc_hd__ff_n40C_1v95.lib}"

Mon Mar 11 06:07:26 UTC 2024 - Executing "{python3 /openlane/scripts/libtrim.py --cell-file /openlane/designs/fa/runs/run1/tmp/cts/cts-slowest.lib.exclude.list --output /openlane/designs/fa/runs/run1/tmp/cts/cts-slowest.lib /home/codespace/.volare/sky130A/libs.ref/sky130_fd_sc_hd/lib/sky130_fd_sc_hd__ss_100C_1v60.lib}"

Mon Mar 11 06:07:27 UTC 2024 - Executing "{python3 /openlane/scripts/new_tracks.py -i /home/codespace/.volare/sky130A/libs.tech/openlane/sky130_fd_sc_hd/tracks.info -o /openlane/designs/fa/runs/run1/tmp/routing/config.tracks}"

Mon Mar 11 06:07:27 UTC 2024 - Executing "{echo {OpenLane a663df28ecff89a71bcdbcd6f71108fc3bb199c3} > /openlane/designs/fa/runs/run1/OPENLANE_VERSION}"

Mon Mar 11 06:07:41 UTC 2024 - Executing "{sed -E {s/^([[:space:]]+)pg_pin(.*)/\1pin\2\n\1    direction : "inout";/g} /home/codespace/.volare/sky130A/libs.ref/sky130_fd_sc_hd/lib/sky130_fd_sc_hd__tt_025C_1v80.lib > /openlane/designs/fa/runs/run1/tmp/synthesis/1-sky130_fd_sc_hd__tt_025C_1v80.no_pg.lib}"

Mon Mar 11 06:07:41 UTC 2024 - Executing "{sed -E {s/^([[:space:]]+)pg_pin(.*)/\1pin\2\n\1    direction : "inout";/g} /openlane/designs/fa/runs/run1/tmp/synthesis/trimmed.lib > /openlane/designs/fa/runs/run1/tmp/synthesis/1-trimmed.no_pg.lib}"

Mon Mar 11 06:07:41 UTC 2024 - Executing "yosys -c /openlane/scripts/yosys/synth.tcl |& tee /dev/null /openlane/designs/fa/runs/run1/logs/synthesis/1-synthesis.log"

Mon Mar 11 06:07:41 UTC 2024 - Executing "{yosys -c /openlane/scripts/yosys/synth.tcl |& tee /dev/null /openlane/designs/fa/runs/run1/logs/synthesis/1-synthesis.log}"

Mon Mar 11 06:07:43 UTC 2024 - Executing "{sed -i.bak -e {s/\(set ::env(CURRENT_NETLIST)\).*/\1 \/openlane\/designs\/fa\/runs\/run1\/results\/synthesis\/fa.v/} /openlane/designs/fa/runs/run1/config.tcl}"

Mon Mar 11 06:07:43 UTC 2024 - Executing "{sed -i.bak /defparam/d /openlane/designs/fa/runs/run1/results/synthesis/fa.v}"

Mon Mar 11 06:07:43 UTC 2024 - Executing "sta -exit -no_init /openlane/scripts/openroad/sta/multi_corner.tcl |& tee /dev/null /openlane/designs/fa/runs/run1/logs/synthesis/2-sta.log"

Mon Mar 11 06:07:43 UTC 2024 - Executing "{sta -exit -no_init /openlane/scripts/openroad/sta/multi_corner.tcl |& tee /dev/null /openlane/designs/fa/runs/run1/logs/synthesis/2-sta.log}"

Mon Mar 11 06:07:51 UTC 2024 - Executing "openroad -exit /openlane/scripts/openroad/floorplan.tcl |& tee /dev/null /openlane/designs/fa/runs/run1/logs/floorplan/3-initial_fp.log"

Mon Mar 11 06:07:51 UTC 2024 - Executing "{openroad -exit /openlane/scripts/openroad/floorplan.tcl |& tee /dev/null /openlane/designs/fa/runs/run1/logs/floorplan/3-initial_fp.log}"

Mon Mar 11 06:07:52 UTC 2024 - Executing "{openroad -exit -no_init -python /openlane/scripts/odbpy/snap_to_grid.py --output /openlane/designs/fa/runs/run1/tmp/floorplan/3-minimized_pdn.txt --input-lef /openlane/designs/fa/runs/run1/tmp/merged.nom.lef 3.9099999999999997 3.7399999999999993 7.819999999999999 7.479999999999999}"

Mon Mar 11 06:07:52 UTC 2024 - Executing "{openroad -exit -no_init -python /openlane/scripts/odbpy/defutil.py extract_core_dims --output-data /openlane/designs/fa/runs/run1/tmp/dimensions.txt --input-lef /openlane/designs/fa/runs/run1/tmp/merged.nom.lef /openlane/designs/fa/runs/run1/tmp/floorplan/3-initial_fp.def}"

Mon Mar 11 06:07:53 UTC 2024 - Executing "openroad -exit /openlane/scripts/openroad/ioplacer.tcl |& tee /dev/null /openlane/designs/fa/runs/run1/logs/floorplan/4-io.log"

Mon Mar 11 06:07:53 UTC 2024 - Executing "{openroad -exit /openlane/scripts/openroad/ioplacer.tcl |& tee /dev/null /openlane/designs/fa/runs/run1/logs/floorplan/4-io.log}"

Mon Mar 11 06:07:53 UTC 2024 - Executing "openroad -exit /openlane/scripts/openroad/tapcell.tcl |& tee /dev/null /openlane/designs/fa/runs/run1/logs/floorplan/5-tap.log"

Mon Mar 11 06:07:53 UTC 2024 - Executing "{openroad -exit /openlane/scripts/openroad/tapcell.tcl |& tee /dev/null /openlane/designs/fa/runs/run1/logs/floorplan/5-tap.log}"

Mon Mar 11 06:07:54 UTC 2024 - Executing "openroad -exit /openlane/scripts/openroad/pdn.tcl |& tee /dev/null /openlane/designs/fa/runs/run1/logs/floorplan/6-pdn.log"

Mon Mar 11 06:07:54 UTC 2024 - Executing "{openroad -exit /openlane/scripts/openroad/pdn.tcl |& tee /dev/null /openlane/designs/fa/runs/run1/logs/floorplan/6-pdn.log}"

Mon Mar 11 06:08:07 UTC 2024 - Executing "openroad -exit /openlane/scripts/openroad/gpl.tcl |& tee /dev/null /openlane/designs/fa/runs/run1/logs/placement/6-global_skip_io.log"

Mon Mar 11 06:08:07 UTC 2024 - Executing "{openroad -exit /openlane/scripts/openroad/gpl.tcl |& tee /dev/null /openlane/designs/fa/runs/run1/logs/placement/6-global_skip_io.log}"

Mon Mar 11 06:08:07 UTC 2024 - Executing "{sed -i.bak -e {s/\(set ::env(CURRENT_NETLIST)\).*/\1 \/openlane\/designs\/fa\/runs\/run1\/tmp\/placement\/7-global_skip_io.nl.v/} /openlane/designs/fa/runs/run1/config.tcl}"

Mon Mar 11 06:08:07 UTC 2024 - Executing "openroad -exit /openlane/scripts/openroad/sta/multi_corner.tcl |& tee /dev/null /openlane/designs/fa/runs/run1/logs/placement/8-gpl_sta.log"

Mon Mar 11 06:08:07 UTC 2024 - Executing "{openroad -exit /openlane/scripts/openroad/sta/multi_corner.tcl |& tee /dev/null /openlane/designs/fa/runs/run1/logs/placement/8-gpl_sta.log}"

Mon Mar 11 06:08:08 UTC 2024 - Executing "openroad -exit /openlane/scripts/openroad/ioplacer.tcl |& tee /dev/null /openlane/designs/fa/runs/run1/logs/placement/9-io.log"

Mon Mar 11 06:08:08 UTC 2024 - Executing "{openroad -exit /openlane/scripts/openroad/ioplacer.tcl |& tee /dev/null /openlane/designs/fa/runs/run1/logs/placement/9-io.log}"

Mon Mar 11 06:08:09 UTC 2024 - Executing "openroad -exit /openlane/scripts/openroad/gpl.tcl |& tee /dev/null /openlane/designs/fa/runs/run1/logs/placement/9-global.log"

Mon Mar 11 06:08:09 UTC 2024 - Executing "{openroad -exit /openlane/scripts/openroad/gpl.tcl |& tee /dev/null /openlane/designs/fa/runs/run1/logs/placement/9-global.log}"

Mon Mar 11 06:08:09 UTC 2024 - Executing "{sed -i.bak -e {s/\(set ::env(CURRENT_NETLIST)\).*/\1 \/openlane\/designs\/fa\/runs\/run1\/tmp\/placement\/10-global.nl.v/} /openlane/designs/fa/runs/run1/config.tcl}"

Mon Mar 11 06:08:09 UTC 2024 - Executing "openroad -exit /openlane/scripts/openroad/sta/multi_corner.tcl |& tee /dev/null /openlane/designs/fa/runs/run1/logs/placement/11-gpl_sta.log"

Mon Mar 11 06:08:09 UTC 2024 - Executing "{openroad -exit /openlane/scripts/openroad/sta/multi_corner.tcl |& tee /dev/null /openlane/designs/fa/runs/run1/logs/placement/11-gpl_sta.log}"

Mon Mar 11 06:08:10 UTC 2024 - Executing "openroad -exit /openlane/scripts/openroad/resizer.tcl |& tee /dev/null /openlane/designs/fa/runs/run1/logs/placement/12-resizer.log"

Mon Mar 11 06:08:10 UTC 2024 - Executing "{openroad -exit /openlane/scripts/openroad/resizer.tcl |& tee /dev/null /openlane/designs/fa/runs/run1/logs/placement/12-resizer.log}"

Mon Mar 11 06:08:12 UTC 2024 - Executing "{sed -i.bak -e {s/\(set ::env(CURRENT_NETLIST)\).*/\1 \/openlane\/designs\/fa\/runs\/run1\/tmp\/placement\/12-resizer.nl.v/} /openlane/designs/fa/runs/run1/config.tcl}"

Mon Mar 11 06:08:12 UTC 2024 - Executing "openroad -exit /openlane/scripts/openroad/dpl.tcl |& tee /dev/null /openlane/designs/fa/runs/run1/logs/placement/13-detailed.log"

Mon Mar 11 06:08:12 UTC 2024 - Executing "{openroad -exit /openlane/scripts/openroad/dpl.tcl |& tee /dev/null /openlane/designs/fa/runs/run1/logs/placement/13-detailed.log}"

Mon Mar 11 06:08:12 UTC 2024 - Executing "{sed -i.bak -e {s/\(set ::env(CURRENT_NETLIST)\).*/\1 \/openlane\/designs\/fa\/runs\/run1\/results\/placement\/fa.nl.v/} /openlane/designs/fa/runs/run1/config.tcl}"

Mon Mar 11 06:08:13 UTC 2024 - Executing "openroad -exit /openlane/scripts/openroad/sta/multi_corner.tcl |& tee /dev/null /openlane/designs/fa/runs/run1/logs/placement/14-dpl_sta.log"

Mon Mar 11 06:08:13 UTC 2024 - Executing "{openroad -exit /openlane/scripts/openroad/sta/multi_corner.tcl |& tee /dev/null /openlane/designs/fa/runs/run1/logs/placement/14-dpl_sta.log}"

Mon Mar 11 06:08:26 UTC 2024 - Executing "openroad -exit /openlane/scripts/openroad/resizer_routing_design.tcl |& tee /dev/null /openlane/designs/fa/runs/run1/logs/routing/15-resizer_design.log"

Mon Mar 11 06:08:26 UTC 2024 - Executing "{openroad -exit /openlane/scripts/openroad/resizer_routing_design.tcl |& tee /dev/null /openlane/designs/fa/runs/run1/logs/routing/15-resizer_design.log}"

Mon Mar 11 06:08:28 UTC 2024 - Executing "{sed -i.bak -e {s/\(set ::env(CURRENT_NETLIST)\).*/\1 \/openlane\/designs\/fa\/runs\/run1\/tmp\/15-fa.nl.v/} /openlane/designs/fa/runs/run1/config.tcl}"

Mon Mar 11 06:08:29 UTC 2024 - Executing "openroad -exit /openlane/scripts/openroad/sta/multi_corner.tcl |& tee /dev/null /openlane/designs/fa/runs/run1/logs/routing/16-rsz_design_sta.log"

Mon Mar 11 06:08:29 UTC 2024 - Executing "{openroad -exit /openlane/scripts/openroad/sta/multi_corner.tcl |& tee /dev/null /openlane/designs/fa/runs/run1/logs/routing/16-rsz_design_sta.log}"

Mon Mar 11 06:08:29 UTC 2024 - Executing "openroad -exit /openlane/scripts/openroad/resizer_routing_timing.tcl |& tee /dev/null /openlane/designs/fa/runs/run1/logs/routing/17-resizer_timing.log"

Mon Mar 11 06:08:29 UTC 2024 - Executing "{openroad -exit /openlane/scripts/openroad/resizer_routing_timing.tcl |& tee /dev/null /openlane/designs/fa/runs/run1/logs/routing/17-resizer_timing.log}"

Mon Mar 11 06:08:31 UTC 2024 - Executing "{sed -i.bak -e {s/\(set ::env(CURRENT_NETLIST)\).*/\1 \/openlane\/designs\/fa\/runs\/run1\/tmp\/17-fa.nl.v/} /openlane/designs/fa/runs/run1/config.tcl}"

Mon Mar 11 06:08:31 UTC 2024 - Executing "openroad -exit /openlane/scripts/openroad/sta/multi_corner.tcl |& tee /dev/null /openlane/designs/fa/runs/run1/logs/routing/18-rsz_timing_sta.log"

Mon Mar 11 06:08:31 UTC 2024 - Executing "{openroad -exit /openlane/scripts/openroad/sta/multi_corner.tcl |& tee /dev/null /openlane/designs/fa/runs/run1/logs/routing/18-rsz_timing_sta.log}"

Mon Mar 11 06:08:32 UTC 2024 - Executing "openroad -exit /openlane/scripts/openroad/repair_antennas.tcl |& tee /dev/null /openlane/designs/fa/runs/run1/logs/routing/19-global.log"

Mon Mar 11 06:08:32 UTC 2024 - Executing "{openroad -exit /openlane/scripts/openroad/repair_antennas.tcl |& tee /dev/null /openlane/designs/fa/runs/run1/logs/routing/19-global.log}"

Mon Mar 11 06:08:32 UTC 2024 - Executing "openroad -exit /openlane/scripts/openroad/write_views.tcl |& tee /dev/null /openlane/designs/fa/runs/run1/logs/routing/19-global_write_netlist.log"

Mon Mar 11 06:08:32 UTC 2024 - Executing "{openroad -exit /openlane/scripts/openroad/write_views.tcl |& tee /dev/null /openlane/designs/fa/runs/run1/logs/routing/19-global_write_netlist.log}"

Mon Mar 11 06:08:33 UTC 2024 - Executing "{sed -i.bak -e {s/\(set ::env(CURRENT_NETLIST)\).*/\1 \/openlane\/designs\/fa\/runs\/run1\/tmp\/routing\/global.nl.v/} /openlane/designs/fa/runs/run1/config.tcl}"

Mon Mar 11 06:08:33 UTC 2024 - Executing "openroad -exit /openlane/scripts/openroad/sta/multi_corner.tcl |& tee /dev/null /openlane/designs/fa/runs/run1/logs/routing/21-grt_sta.log"

Mon Mar 11 06:08:33 UTC 2024 - Executing "{openroad -exit /openlane/scripts/openroad/sta/multi_corner.tcl |& tee /dev/null /openlane/designs/fa/runs/run1/logs/routing/21-grt_sta.log}"

Mon Mar 11 06:08:34 UTC 2024 - Executing "openroad -exit /openlane/scripts/openroad/fill.tcl |& tee /dev/null /openlane/designs/fa/runs/run1/logs/routing/22-fill.log"

Mon Mar 11 06:08:34 UTC 2024 - Executing "{openroad -exit /openlane/scripts/openroad/fill.tcl |& tee /dev/null /openlane/designs/fa/runs/run1/logs/routing/22-fill.log}"

Mon Mar 11 06:08:34 UTC 2024 - Executing "{sed -i.bak -e {s/\(set ::env(CURRENT_NETLIST)\).*/\1 \/openlane\/designs\/fa\/runs\/run1\/tmp\/routing\/22-fill.nl.v/} /openlane/designs/fa/runs/run1/config.tcl}"

Mon Mar 11 06:08:34 UTC 2024 - Executing "openroad -exit -metrics /openlane/designs/fa/runs/run1/reports/routing/23-drt_metrics.json /openlane/scripts/openroad/droute.tcl |& tee /dev/null /openlane/designs/fa/runs/run1/logs/routing/23-detailed.log"

Mon Mar 11 06:08:34 UTC 2024 - Executing "{openroad -exit -metrics /openlane/designs/fa/runs/run1/reports/routing/23-drt_metrics.json /openlane/scripts/openroad/droute.tcl |& tee /dev/null /openlane/designs/fa/runs/run1/logs/routing/23-detailed.log}"

Mon Mar 11 06:08:36 UTC 2024 - Executing "{sed -i.bak -e {s/\(set ::env(CURRENT_NETLIST)\).*/\1 \/openlane\/designs\/fa\/runs\/run1\/results\/routing\/fa.nl.v/} /openlane/designs/fa/runs/run1/config.tcl}"

Mon Mar 11 06:08:36 UTC 2024 - Executing "{python3 /openlane/scripts/drc_rosetta.py tr to_klayout -o /openlane/designs/fa/runs/run1/reports/routing/drt.klayout.xml --design-name fa /openlane/designs/fa/runs/run1/reports/routing/drt.drc}"

Mon Mar 11 06:08:36 UTC 2024 - Executing "{openroad -exit -no_init -python /openlane/scripts/odbpy/wire_lengths.py --report-out /openlane/designs/fa/runs/run1/reports/routing/24-wire_lengths.csv --input-lef /openlane/designs/fa/runs/run1/tmp/merged.nom.lef --output-def /dev/null --output /openlane/designs/fa/runs/run1/results/routing/fa.odb /openlane/designs/fa/runs/run1/results/routing/fa.odb |& tee /dev/null /openlane/designs/fa/runs/run1/logs/routing/24-wire_lengths.log}"

Mon Mar 11 06:08:47 UTC 2024 - Executing "magic -noconsole -dnull -rcfile /home/codespace/.volare/sky130A/libs.tech/magic/sky130A.magicrc < /openlane/scripts/magic/wrapper.tcl |& tee /dev/null /openlane/designs/fa/runs/run1/logs/signoff/25-gdsii.log"

Mon Mar 11 06:08:47 UTC 2024 - Executing "{magic -noconsole -dnull -rcfile /home/codespace/.volare/sky130A/libs.tech/magic/sky130A.magicrc < /openlane/scripts/magic/wrapper.tcl |& tee /dev/null /openlane/designs/fa/runs/run1/logs/signoff/25-gdsii.log}"

Mon Mar 11 06:08:47 UTC 2024 - Executing "magic -noconsole -dnull -rcfile /home/codespace/.volare/sky130A/libs.tech/magic/sky130A.magicrc < /openlane/scripts/magic/wrapper.tcl |& tee /dev/null /openlane/designs/fa/runs/run1/logs/signoff/25-gds_ptrs.log"

Mon Mar 11 06:08:47 UTC 2024 - Executing "{magic -noconsole -dnull -rcfile /home/codespace/.volare/sky130A/libs.tech/magic/sky130A.magicrc < /openlane/scripts/magic/wrapper.tcl |& tee /dev/null /openlane/designs/fa/runs/run1/logs/signoff/25-gds_ptrs.log}"

Mon Mar 11 06:08:48 UTC 2024 - Executing "{sed -i.bak -n {/^<< properties >>/,/^<< end >>/p} /openlane/designs/fa/runs/run1/tmp/signoff/gds_ptrs.mag}"

Mon Mar 11 06:08:48 UTC 2024 - Executing "magic -noconsole -dnull -rcfile /home/codespace/.volare/sky130A/libs.tech/magic/sky130A.magicrc < /openlane/scripts/magic/wrapper.tcl |& tee /dev/null /openlane/designs/fa/runs/run1/logs/signoff/25-lef.log"

Mon Mar 11 06:08:48 UTC 2024 - Executing "{magic -noconsole -dnull -rcfile /home/codespace/.volare/sky130A/libs.tech/magic/sky130A.magicrc < /openlane/scripts/magic/wrapper.tcl |& tee /dev/null /openlane/designs/fa/runs/run1/logs/signoff/25-lef.log}"

Mon Mar 11 06:08:48 UTC 2024 - Executing "magic -noconsole -dnull -rcfile /home/codespace/.volare/sky130A/libs.tech/magic/sky130A.magicrc < /openlane/scripts/magic/wrapper.tcl |& tee /dev/null /openlane/designs/fa/runs/run1/logs/signoff/25-maglef.log"

Mon Mar 11 06:08:48 UTC 2024 - Executing "{magic -noconsole -dnull -rcfile /home/codespace/.volare/sky130A/libs.tech/magic/sky130A.magicrc < /openlane/scripts/magic/wrapper.tcl |& tee /dev/null /openlane/designs/fa/runs/run1/logs/signoff/25-maglef.log}"

