Thu Mar 14 06:38:58 UTC 2024 - Executing "{openroad -exit -no_init -python /openlane/scripts/odbpy/lefutil.py get_metal_layers -o /openlane/designs/mux4x1/runs/run1/tmp/layers.list /home/codespace/.volare/sky130A/libs.ref/sky130_fd_sc_hd/techlef/sky130_fd_sc_hd__nom.tlef}"

Thu Mar 14 06:38:58 UTC 2024 - Executing "{/openlane/scripts/mergeLef.py -o /openlane/designs/mux4x1/runs/run1/tmp/merged.nom.lef -i /home/codespace/.volare/sky130A/libs.ref/sky130_fd_sc_hd/techlef/sky130_fd_sc_hd__nom.tlef {/home/codespace/.volare/sky130A/libs.ref/sky130_fd_sc_hd/lef/sky130_ef_sc_hd.lef /home/codespace/.volare/sky130A/libs.ref/sky130_fd_sc_hd/lef/sky130_fd_sc_hd.lef} |& tee /dev/null}"

Thu Mar 14 06:38:58 UTC 2024 - Executing "{/openlane/scripts/mergeLef.py -o /openlane/designs/mux4x1/runs/run1/tmp/merged.min.lef -i /home/codespace/.volare/sky130A/libs.ref/sky130_fd_sc_hd/techlef/sky130_fd_sc_hd__min.tlef {/home/codespace/.volare/sky130A/libs.ref/sky130_fd_sc_hd/lef/sky130_ef_sc_hd.lef /home/codespace/.volare/sky130A/libs.ref/sky130_fd_sc_hd/lef/sky130_fd_sc_hd.lef} |& tee /dev/null}"

Thu Mar 14 06:38:59 UTC 2024 - Executing "{/openlane/scripts/mergeLef.py -o /openlane/designs/mux4x1/runs/run1/tmp/merged.max.lef -i /home/codespace/.volare/sky130A/libs.ref/sky130_fd_sc_hd/techlef/sky130_fd_sc_hd__max.tlef {/home/codespace/.volare/sky130A/libs.ref/sky130_fd_sc_hd/lef/sky130_ef_sc_hd.lef /home/codespace/.volare/sky130A/libs.ref/sky130_fd_sc_hd/lef/sky130_fd_sc_hd.lef} |& tee /dev/null}"

Thu Mar 14 06:38:59 UTC 2024 - Executing "{python3 /openlane/scripts/mergeLib.py --output /openlane/designs/mux4x1/runs/run1/tmp/synthesis/merged.lib --name sky130A_merged /home/codespace/.volare/sky130A/libs.ref/sky130_fd_sc_hd/lib/sky130_fd_sc_hd__tt_025C_1v80.lib}"

Thu Mar 14 06:38:59 UTC 2024 - Executing "{python3 /openlane/scripts/libtrim.py --cell-file /openlane/designs/mux4x1/runs/run1/tmp/synthesis/trimmed.lib.exclude.list --output /openlane/designs/mux4x1/runs/run1/tmp/synthesis/trimmed.lib /openlane/designs/mux4x1/runs/run1/tmp/synthesis/merged.lib}"

Thu Mar 14 06:38:59 UTC 2024 - Executing "{python3 /openlane/scripts/libtrim.py --cell-file /openlane/designs/mux4x1/runs/run1/tmp/cts/cts.lib.exclude.list --output /openlane/designs/mux4x1/runs/run1/tmp/cts/cts.lib /home/codespace/.volare/sky130A/libs.ref/sky130_fd_sc_hd/lib/sky130_fd_sc_hd__tt_025C_1v80.lib}"

Thu Mar 14 06:39:00 UTC 2024 - Executing "{python3 /openlane/scripts/libtrim.py --cell-file /openlane/designs/mux4x1/runs/run1/tmp/cts/cts-fastest.lib.exclude.list --output /openlane/designs/mux4x1/runs/run1/tmp/cts/cts-fastest.lib /home/codespace/.volare/sky130A/libs.ref/sky130_fd_sc_hd/lib/sky130_fd_sc_hd__ff_n40C_1v95.lib}"

Thu Mar 14 06:39:02 UTC 2024 - Executing "{python3 /openlane/scripts/libtrim.py --cell-file /openlane/designs/mux4x1/runs/run1/tmp/cts/cts-slowest.lib.exclude.list --output /openlane/designs/mux4x1/runs/run1/tmp/cts/cts-slowest.lib /home/codespace/.volare/sky130A/libs.ref/sky130_fd_sc_hd/lib/sky130_fd_sc_hd__ss_100C_1v60.lib}"

Thu Mar 14 06:39:02 UTC 2024 - Executing "{python3 /openlane/scripts/new_tracks.py -i /home/codespace/.volare/sky130A/libs.tech/openlane/sky130_fd_sc_hd/tracks.info -o /openlane/designs/mux4x1/runs/run1/tmp/routing/config.tracks}"

Thu Mar 14 06:39:02 UTC 2024 - Executing "{echo {OpenLane 525d7ed3fec0b62b268ff5748fb748bd92913568} > /openlane/designs/mux4x1/runs/run1/OPENLANE_VERSION}"

Thu Mar 14 06:39:13 UTC 2024 - Executing "{sed -E {s/^([[:space:]]+)pg_pin(.*)/\1pin\2\n\1    direction : "inout";/g} /home/codespace/.volare/sky130A/libs.ref/sky130_fd_sc_hd/lib/sky130_fd_sc_hd__tt_025C_1v80.lib > /openlane/designs/mux4x1/runs/run1/tmp/synthesis/1-sky130_fd_sc_hd__tt_025C_1v80.no_pg.lib}"

Thu Mar 14 06:39:13 UTC 2024 - Executing "{sed -E {s/^([[:space:]]+)pg_pin(.*)/\1pin\2\n\1    direction : "inout";/g} /openlane/designs/mux4x1/runs/run1/tmp/synthesis/trimmed.lib > /openlane/designs/mux4x1/runs/run1/tmp/synthesis/1-trimmed.no_pg.lib}"

Thu Mar 14 06:39:14 UTC 2024 - Executing "yosys -c /openlane/scripts/yosys/synth.tcl |& tee /dev/null /openlane/designs/mux4x1/runs/run1/logs/synthesis/1-synthesis.log"

Thu Mar 14 06:39:14 UTC 2024 - Executing "{yosys -c /openlane/scripts/yosys/synth.tcl |& tee /dev/null /openlane/designs/mux4x1/runs/run1/logs/synthesis/1-synthesis.log}"

Thu Mar 14 06:39:14 UTC 2024 - Executing "{sed -i.bak -e {s/\(set ::env(CURRENT_NETLIST)\).*/\1 \/openlane\/designs\/mux4x1\/runs\/run1\/results\/synthesis\/mux4x1.v/} /openlane/designs/mux4x1/runs/run1/config.tcl}"

Thu Mar 14 06:39:14 UTC 2024 - Executing "{sed -i.bak /defparam/d /openlane/designs/mux4x1/runs/run1/results/synthesis/mux4x1.v}"

Thu Mar 14 06:39:14 UTC 2024 - Executing "sta -exit -no_init /openlane/scripts/openroad/sta/multi_corner.tcl |& tee /dev/null /openlane/designs/mux4x1/runs/run1/logs/synthesis/2-sta.log"

Thu Mar 14 06:39:14 UTC 2024 - Executing "{sta -exit -no_init /openlane/scripts/openroad/sta/multi_corner.tcl |& tee /dev/null /openlane/designs/mux4x1/runs/run1/logs/synthesis/2-sta.log}"

Thu Mar 14 06:39:23 UTC 2024 - Executing "openroad -exit /openlane/scripts/openroad/floorplan.tcl |& tee /dev/null /openlane/designs/mux4x1/runs/run1/logs/floorplan/3-initial_fp.log"

Thu Mar 14 06:39:23 UTC 2024 - Executing "{openroad -exit /openlane/scripts/openroad/floorplan.tcl |& tee /dev/null /openlane/designs/mux4x1/runs/run1/logs/floorplan/3-initial_fp.log}"

Thu Mar 14 06:39:24 UTC 2024 - Executing "{openroad -exit -no_init -python /openlane/scripts/odbpy/snap_to_grid.py --output /openlane/designs/mux4x1/runs/run1/tmp/floorplan/3-minimized_pdn.txt --input-lef /openlane/designs/mux4x1/runs/run1/tmp/merged.nom.lef 4.484999999999999 4.42 8.969999999999999 8.84}"

Thu Mar 14 06:39:24 UTC 2024 - Executing "{openroad -exit -no_init -python /openlane/scripts/odbpy/defutil.py extract_core_dims --output-data /openlane/designs/mux4x1/runs/run1/tmp/dimensions.txt --input-lef /openlane/designs/mux4x1/runs/run1/tmp/merged.nom.lef /openlane/designs/mux4x1/runs/run1/tmp/floorplan/3-initial_fp.def}"

Thu Mar 14 06:39:25 UTC 2024 - Executing "openroad -exit /openlane/scripts/openroad/ioplacer.tcl |& tee /dev/null /openlane/designs/mux4x1/runs/run1/logs/floorplan/4-io.log"

Thu Mar 14 06:39:25 UTC 2024 - Executing "{openroad -exit /openlane/scripts/openroad/ioplacer.tcl |& tee /dev/null /openlane/designs/mux4x1/runs/run1/logs/floorplan/4-io.log}"

Thu Mar 14 06:39:26 UTC 2024 - Executing "openroad -exit /openlane/scripts/openroad/tapcell.tcl |& tee /dev/null /openlane/designs/mux4x1/runs/run1/logs/floorplan/5-tap.log"

Thu Mar 14 06:39:26 UTC 2024 - Executing "{openroad -exit /openlane/scripts/openroad/tapcell.tcl |& tee /dev/null /openlane/designs/mux4x1/runs/run1/logs/floorplan/5-tap.log}"

Thu Mar 14 06:39:26 UTC 2024 - Executing "openroad -exit /openlane/scripts/openroad/pdn.tcl |& tee /dev/null /openlane/designs/mux4x1/runs/run1/logs/floorplan/6-pdn.log"

Thu Mar 14 06:39:26 UTC 2024 - Executing "{openroad -exit /openlane/scripts/openroad/pdn.tcl |& tee /dev/null /openlane/designs/mux4x1/runs/run1/logs/floorplan/6-pdn.log}"

Thu Mar 14 06:39:38 UTC 2024 - Executing "openroad -exit /openlane/scripts/openroad/gpl.tcl |& tee /dev/null /openlane/designs/mux4x1/runs/run1/logs/placement/6-global_skip_io.log"

Thu Mar 14 06:39:38 UTC 2024 - Executing "{openroad -exit /openlane/scripts/openroad/gpl.tcl |& tee /dev/null /openlane/designs/mux4x1/runs/run1/logs/placement/6-global_skip_io.log}"

Thu Mar 14 06:39:38 UTC 2024 - Executing "{sed -i.bak -e {s/\(set ::env(CURRENT_NETLIST)\).*/\1 \/openlane\/designs\/mux4x1\/runs\/run1\/tmp\/placement\/7-global_skip_io.nl.v/} /openlane/designs/mux4x1/runs/run1/config.tcl}"

Thu Mar 14 06:39:39 UTC 2024 - Executing "openroad -exit /openlane/scripts/openroad/sta/multi_corner.tcl |& tee /dev/null /openlane/designs/mux4x1/runs/run1/logs/placement/8-gpl_sta.log"

Thu Mar 14 06:39:39 UTC 2024 - Executing "{openroad -exit /openlane/scripts/openroad/sta/multi_corner.tcl |& tee /dev/null /openlane/designs/mux4x1/runs/run1/logs/placement/8-gpl_sta.log}"

Thu Mar 14 06:39:39 UTC 2024 - Executing "openroad -exit /openlane/scripts/openroad/ioplacer.tcl |& tee /dev/null /openlane/designs/mux4x1/runs/run1/logs/placement/9-io.log"

Thu Mar 14 06:39:39 UTC 2024 - Executing "{openroad -exit /openlane/scripts/openroad/ioplacer.tcl |& tee /dev/null /openlane/designs/mux4x1/runs/run1/logs/placement/9-io.log}"

Thu Mar 14 06:39:40 UTC 2024 - Executing "openroad -exit /openlane/scripts/openroad/gpl.tcl |& tee /dev/null /openlane/designs/mux4x1/runs/run1/logs/placement/9-global.log"

Thu Mar 14 06:39:40 UTC 2024 - Executing "{openroad -exit /openlane/scripts/openroad/gpl.tcl |& tee /dev/null /openlane/designs/mux4x1/runs/run1/logs/placement/9-global.log}"

Thu Mar 14 06:39:40 UTC 2024 - Executing "{sed -i.bak -e {s/\(set ::env(CURRENT_NETLIST)\).*/\1 \/openlane\/designs\/mux4x1\/runs\/run1\/tmp\/placement\/10-global.nl.v/} /openlane/designs/mux4x1/runs/run1/config.tcl}"

Thu Mar 14 06:39:41 UTC 2024 - Executing "openroad -exit /openlane/scripts/openroad/sta/multi_corner.tcl |& tee /dev/null /openlane/designs/mux4x1/runs/run1/logs/placement/11-gpl_sta.log"

Thu Mar 14 06:39:41 UTC 2024 - Executing "{openroad -exit /openlane/scripts/openroad/sta/multi_corner.tcl |& tee /dev/null /openlane/designs/mux4x1/runs/run1/logs/placement/11-gpl_sta.log}"

Thu Mar 14 06:39:41 UTC 2024 - Executing "openroad -exit /openlane/scripts/openroad/resizer.tcl |& tee /dev/null /openlane/designs/mux4x1/runs/run1/logs/placement/12-resizer.log"

Thu Mar 14 06:39:41 UTC 2024 - Executing "{openroad -exit /openlane/scripts/openroad/resizer.tcl |& tee /dev/null /openlane/designs/mux4x1/runs/run1/logs/placement/12-resizer.log}"

Thu Mar 14 06:39:43 UTC 2024 - Executing "{sed -i.bak -e {s/\(set ::env(CURRENT_NETLIST)\).*/\1 \/openlane\/designs\/mux4x1\/runs\/run1\/tmp\/placement\/12-resizer.nl.v/} /openlane/designs/mux4x1/runs/run1/config.tcl}"

Thu Mar 14 06:39:43 UTC 2024 - Executing "openroad -exit /openlane/scripts/openroad/dpl.tcl |& tee /dev/null /openlane/designs/mux4x1/runs/run1/logs/placement/13-detailed.log"

Thu Mar 14 06:39:43 UTC 2024 - Executing "{openroad -exit /openlane/scripts/openroad/dpl.tcl |& tee /dev/null /openlane/designs/mux4x1/runs/run1/logs/placement/13-detailed.log}"

Thu Mar 14 06:39:44 UTC 2024 - Executing "{sed -i.bak -e {s/\(set ::env(CURRENT_NETLIST)\).*/\1 \/openlane\/designs\/mux4x1\/runs\/run1\/results\/placement\/mux4x1.nl.v/} /openlane/designs/mux4x1/runs/run1/config.tcl}"

Thu Mar 14 06:39:44 UTC 2024 - Executing "openroad -exit /openlane/scripts/openroad/sta/multi_corner.tcl |& tee /dev/null /openlane/designs/mux4x1/runs/run1/logs/placement/14-dpl_sta.log"

Thu Mar 14 06:39:44 UTC 2024 - Executing "{openroad -exit /openlane/scripts/openroad/sta/multi_corner.tcl |& tee /dev/null /openlane/designs/mux4x1/runs/run1/logs/placement/14-dpl_sta.log}"

Thu Mar 14 06:39:56 UTC 2024 - Executing "openroad -exit /openlane/scripts/openroad/resizer_routing_design.tcl |& tee /dev/null /openlane/designs/mux4x1/runs/run1/logs/routing/15-resizer_design.log"

Thu Mar 14 06:39:56 UTC 2024 - Executing "{openroad -exit /openlane/scripts/openroad/resizer_routing_design.tcl |& tee /dev/null /openlane/designs/mux4x1/runs/run1/logs/routing/15-resizer_design.log}"

Thu Mar 14 06:39:58 UTC 2024 - Executing "{sed -i.bak -e {s/\(set ::env(CURRENT_NETLIST)\).*/\1 \/openlane\/designs\/mux4x1\/runs\/run1\/tmp\/15-mux4x1.nl.v/} /openlane/designs/mux4x1/runs/run1/config.tcl}"

Thu Mar 14 06:39:58 UTC 2024 - Executing "openroad -exit /openlane/scripts/openroad/sta/multi_corner.tcl |& tee /dev/null /openlane/designs/mux4x1/runs/run1/logs/routing/16-rsz_design_sta.log"

Thu Mar 14 06:39:58 UTC 2024 - Executing "{openroad -exit /openlane/scripts/openroad/sta/multi_corner.tcl |& tee /dev/null /openlane/designs/mux4x1/runs/run1/logs/routing/16-rsz_design_sta.log}"

Thu Mar 14 06:39:59 UTC 2024 - Executing "openroad -exit /openlane/scripts/openroad/resizer_routing_timing.tcl |& tee /dev/null /openlane/designs/mux4x1/runs/run1/logs/routing/17-resizer_timing.log"

Thu Mar 14 06:39:59 UTC 2024 - Executing "{openroad -exit /openlane/scripts/openroad/resizer_routing_timing.tcl |& tee /dev/null /openlane/designs/mux4x1/runs/run1/logs/routing/17-resizer_timing.log}"

Thu Mar 14 06:40:00 UTC 2024 - Executing "{sed -i.bak -e {s/\(set ::env(CURRENT_NETLIST)\).*/\1 \/openlane\/designs\/mux4x1\/runs\/run1\/tmp\/17-mux4x1.nl.v/} /openlane/designs/mux4x1/runs/run1/config.tcl}"

Thu Mar 14 06:40:01 UTC 2024 - Executing "openroad -exit /openlane/scripts/openroad/sta/multi_corner.tcl |& tee /dev/null /openlane/designs/mux4x1/runs/run1/logs/routing/18-rsz_timing_sta.log"

Thu Mar 14 06:40:01 UTC 2024 - Executing "{openroad -exit /openlane/scripts/openroad/sta/multi_corner.tcl |& tee /dev/null /openlane/designs/mux4x1/runs/run1/logs/routing/18-rsz_timing_sta.log}"

Thu Mar 14 06:40:01 UTC 2024 - Executing "openroad -exit /openlane/scripts/openroad/repair_antennas.tcl |& tee /dev/null /openlane/designs/mux4x1/runs/run1/logs/routing/19-global.log"

Thu Mar 14 06:40:01 UTC 2024 - Executing "{openroad -exit /openlane/scripts/openroad/repair_antennas.tcl |& tee /dev/null /openlane/designs/mux4x1/runs/run1/logs/routing/19-global.log}"

Thu Mar 14 06:40:02 UTC 2024 - Executing "openroad -exit /openlane/scripts/openroad/write_views.tcl |& tee /dev/null /openlane/designs/mux4x1/runs/run1/logs/routing/19-global_write_netlist.log"

Thu Mar 14 06:40:02 UTC 2024 - Executing "{openroad -exit /openlane/scripts/openroad/write_views.tcl |& tee /dev/null /openlane/designs/mux4x1/runs/run1/logs/routing/19-global_write_netlist.log}"

Thu Mar 14 06:40:02 UTC 2024 - Executing "{sed -i.bak -e {s/\(set ::env(CURRENT_NETLIST)\).*/\1 \/openlane\/designs\/mux4x1\/runs\/run1\/tmp\/routing\/global.nl.v/} /openlane/designs/mux4x1/runs/run1/config.tcl}"

Thu Mar 14 06:40:02 UTC 2024 - Executing "openroad -exit /openlane/scripts/openroad/sta/multi_corner.tcl |& tee /dev/null /openlane/designs/mux4x1/runs/run1/logs/routing/21-grt_sta.log"

Thu Mar 14 06:40:03 UTC 2024 - Executing "{openroad -exit /openlane/scripts/openroad/sta/multi_corner.tcl |& tee /dev/null /openlane/designs/mux4x1/runs/run1/logs/routing/21-grt_sta.log}"

Thu Mar 14 06:40:03 UTC 2024 - Executing "openroad -exit /openlane/scripts/openroad/fill.tcl |& tee /dev/null /openlane/designs/mux4x1/runs/run1/logs/routing/22-fill.log"

Thu Mar 14 06:40:03 UTC 2024 - Executing "{openroad -exit /openlane/scripts/openroad/fill.tcl |& tee /dev/null /openlane/designs/mux4x1/runs/run1/logs/routing/22-fill.log}"

Thu Mar 14 06:40:04 UTC 2024 - Executing "{sed -i.bak -e {s/\(set ::env(CURRENT_NETLIST)\).*/\1 \/openlane\/designs\/mux4x1\/runs\/run1\/tmp\/routing\/22-fill.nl.v/} /openlane/designs/mux4x1/runs/run1/config.tcl}"

Thu Mar 14 06:40:04 UTC 2024 - Executing "openroad -exit -metrics /openlane/designs/mux4x1/runs/run1/reports/routing/23-drt_metrics.json /openlane/scripts/openroad/droute.tcl |& tee /dev/null /openlane/designs/mux4x1/runs/run1/logs/routing/23-detailed.log"

Thu Mar 14 06:40:04 UTC 2024 - Executing "{openroad -exit -metrics /openlane/designs/mux4x1/runs/run1/reports/routing/23-drt_metrics.json /openlane/scripts/openroad/droute.tcl |& tee /dev/null /openlane/designs/mux4x1/runs/run1/logs/routing/23-detailed.log}"

Thu Mar 14 06:40:06 UTC 2024 - Executing "{sed -i.bak -e {s/\(set ::env(CURRENT_NETLIST)\).*/\1 \/openlane\/designs\/mux4x1\/runs\/run1\/results\/routing\/mux4x1.nl.v/} /openlane/designs/mux4x1/runs/run1/config.tcl}"

Thu Mar 14 06:40:06 UTC 2024 - Executing "{python3 /openlane/scripts/drc_rosetta.py tr to_klayout -o /openlane/designs/mux4x1/runs/run1/reports/routing/drt.klayout.xml --design-name mux4x1 /openlane/designs/mux4x1/runs/run1/reports/routing/drt.drc}"

Thu Mar 14 06:40:06 UTC 2024 - Executing "{openroad -exit -no_init -python /openlane/scripts/odbpy/wire_lengths.py --report-out /openlane/designs/mux4x1/runs/run1/reports/routing/24-wire_lengths.csv --input-lef /openlane/designs/mux4x1/runs/run1/tmp/merged.nom.lef --output-def /dev/null --output /openlane/designs/mux4x1/runs/run1/results/routing/mux4x1.odb /openlane/designs/mux4x1/runs/run1/results/routing/mux4x1.odb |& tee /dev/null /openlane/designs/mux4x1/runs/run1/logs/routing/24-wire_lengths.log}"

Thu Mar 14 06:40:15 UTC 2024 - Executing "magic -noconsole -dnull -rcfile /home/codespace/.volare/sky130A/libs.tech/magic/sky130A.magicrc < /openlane/scripts/magic/wrapper.tcl |& tee /dev/null /openlane/designs/mux4x1/runs/run1/logs/signoff/25-gdsii.log"

Thu Mar 14 06:40:15 UTC 2024 - Executing "{magic -noconsole -dnull -rcfile /home/codespace/.volare/sky130A/libs.tech/magic/sky130A.magicrc < /openlane/scripts/magic/wrapper.tcl |& tee /dev/null /openlane/designs/mux4x1/runs/run1/logs/signoff/25-gdsii.log}"

Thu Mar 14 06:40:15 UTC 2024 - Executing "magic -noconsole -dnull -rcfile /home/codespace/.volare/sky130A/libs.tech/magic/sky130A.magicrc < /openlane/scripts/magic/wrapper.tcl |& tee /dev/null /openlane/designs/mux4x1/runs/run1/logs/signoff/25-gds_ptrs.log"

Thu Mar 14 06:40:15 UTC 2024 - Executing "{magic -noconsole -dnull -rcfile /home/codespace/.volare/sky130A/libs.tech/magic/sky130A.magicrc < /openlane/scripts/magic/wrapper.tcl |& tee /dev/null /openlane/designs/mux4x1/runs/run1/logs/signoff/25-gds_ptrs.log}"

Thu Mar 14 06:40:15 UTC 2024 - Executing "{sed -i.bak -n {/^<< properties >>/,/^<< end >>/p} /openlane/designs/mux4x1/runs/run1/tmp/signoff/gds_ptrs.mag}"

Thu Mar 14 06:40:15 UTC 2024 - Executing "magic -noconsole -dnull -rcfile /home/codespace/.volare/sky130A/libs.tech/magic/sky130A.magicrc < /openlane/scripts/magic/wrapper.tcl |& tee /dev/null /openlane/designs/mux4x1/runs/run1/logs/signoff/25-lef.log"

Thu Mar 14 06:40:15 UTC 2024 - Executing "{magic -noconsole -dnull -rcfile /home/codespace/.volare/sky130A/libs.tech/magic/sky130A.magicrc < /openlane/scripts/magic/wrapper.tcl |& tee /dev/null /openlane/designs/mux4x1/runs/run1/logs/signoff/25-lef.log}"

Thu Mar 14 06:40:16 UTC 2024 - Executing "magic -noconsole -dnull -rcfile /home/codespace/.volare/sky130A/libs.tech/magic/sky130A.magicrc < /openlane/scripts/magic/wrapper.tcl |& tee /dev/null /openlane/designs/mux4x1/runs/run1/logs/signoff/25-maglef.log"

Thu Mar 14 06:40:16 UTC 2024 - Executing "{magic -noconsole -dnull -rcfile /home/codespace/.volare/sky130A/libs.tech/magic/sky130A.magicrc < /openlane/scripts/magic/wrapper.tcl |& tee /dev/null /openlane/designs/mux4x1/runs/run1/logs/signoff/25-maglef.log}"

