OpenROAD 0889970d1790a2617e69f253221b8bd7626e51dc 
This program is licensed under the BSD-3 license. See the LICENSE file for details.
Components of this program may be licensed under more restrictive licenses which must be honored.
[INFO]: Reading ODB at '/openlane/designs/counter/runs/run1/tmp/placement/12-resizer.odb'…
define_corners Typical
read_liberty -corner Typical /home/codespace/.volare/sky130A/libs.ref/sky130_fd_sc_hd/lib/sky130_fd_sc_hd__tt_025C_1v80.lib
Using 1e-12 for capacitance...
Using 1e+03 for resistance...
Using 1e-09 for time...
Using 1e+00 for voltage...
Using 1e-03 for current...
Using 1e-09 for power...
Using 1e-06 for distance...
Reading design constraints file at '/openlane/designs/counter/counter.sdc'…
Placement Analysis
---------------------------------
total displacement          0.0 u
average displacement        0.0 u
max displacement            0.0 u
original HPWL             306.1 u
legalized HPWL            313.7 u
delta HPWL                    2 %

[INFO DPL-0020] Mirrored 4 instances
[INFO DPL-0021] HPWL before             313.7 u
[INFO DPL-0022] HPWL after              306.1 u
[INFO DPL-0023] HPWL delta               -2.4 %
Setting global connections for newly added cells…
Writing OpenROAD database to '/openlane/designs/counter/runs/run1/results/placement/counter.odb'…
Writing netlist to '/openlane/designs/counter/runs/run1/results/placement/counter.nl.v'…
Writing powered netlist to '/openlane/designs/counter/runs/run1/results/placement/counter.pnl.v'…
Writing layout to '/openlane/designs/counter/runs/run1/results/placement/counter.def'…
